<?xml version="1.0" encoding="UTF-8"?>
<testsuite xmlns:xsi="http://www.w3.org/2001/XMLSchema-instance" xsi:noNamespaceSchemaLocation="https://maven.apache.org/surefire/maven-surefire-plugin/xsd/surefire-test-report-3.0.xsd" version="3.0" name="org.fzengin.app.route.application.RouteAppValidRouteControllerTest" time="1.719" tests="2" errors="0" skipped="0" failures="0">
  <properties>
[...]
</properties>
  <testcase name="testForNotValidDate" classname="org.fzengin.app.route.application.RouteAppValidRouteControllerTest" time="0.603">
    <system-out><![CDATA[2025-03-05T02:18:49.927+03:00  INFO 12865 --- [Application-Maven-Web] [           main] t.c.s.AnnotationConfigContextLoaderUtils : Could not detect default configuration classes for test class [org.fzengin.app.route.application.RouteAppValidRouteControllerTest]: RouteAppValidRouteControllerTest does not declare any static, non-private, non-final, nested classes annotated with @Configuration.
2025-03-05T02:18:49.930+03:00  INFO 12865 --- [Application-Maven-Web] [           main] .b.t.c.SpringBootTestContextBootstrapper : Found @SpringBootConfiguration org.fzengin.app.route.application.App for test class org.fzengin.app.route.application.RouteAppValidRouteControllerTest

   _____  _____ _____  
  / ____|/ ____|  __ \ 
 | |    | (___ | |  | |
 | |     \___ \| |  | |
 | |____ ____) | |__| |
  \_____|_____/|_____/ 
                       
                       

2025-03-05T02:18:49.943+03:00  INFO 12865 --- [Application-Maven-Web] [           main] f.a.r.a.RouteAppValidRouteControllerTest : Starting RouteAppValidRouteControllerTest using Java 19.0.2 with PID 12865 (started by furkanzengin in /Users/furkanzengin/Furkan/Programming/thy/AvaliableFlightRouteProject/flight-routes-backend/RouteFindingApp)
2025-03-05T02:18:49.943+03:00  INFO 12865 --- [Application-Maven-Web] [           main] f.a.r.a.RouteAppValidRouteControllerTest : No active profile set, falling back to 1 default profile: "default"
2025-03-05T02:18:49.998+03:00  INFO 12865 --- [Application-Maven-Web] [           main] .s.d.r.c.RepositoryConfigurationDelegate : Bootstrapping Spring Data JPA repositories in DEFAULT mode.
2025-03-05T02:18:49.999+03:00  INFO 12865 --- [Application-Maven-Web] [           main] .s.d.r.c.RepositoryConfigurationDelegate : Finished Spring Data repository scanning in 1 ms. Found 2 JPA repository interfaces.
2025-03-05T02:18:50.066+03:00  INFO 12865 --- [Application-Maven-Web] [           main] o.s.o.j.p.SpringPersistenceUnitInfo      : No LoadTimeWeaver setup: ignoring JPA class transformer
2025-03-05T02:18:50.067+03:00  INFO 12865 --- [Application-Maven-Web] [           main] com.zaxxer.hikari.HikariDataSource       : HikariPool-2 - Starting...
2025-03-05T02:18:50.146+03:00  INFO 12865 --- [Application-Maven-Web] [           main] com.zaxxer.hikari.pool.HikariPool        : HikariPool-2 - Added connection conn0: url=jdbc:h2:mem:testdb user=SA
2025-03-05T02:18:50.146+03:00  INFO 12865 --- [Application-Maven-Web] [           main] com.zaxxer.hikari.HikariDataSource       : HikariPool-2 - Start completed.
Hibernate: 
    drop table if exists locations cascade 
Hibernate: 
    drop table if exists transportations cascade 
Hibernate: 
    create table locations (
        id integer generated by default as identity,
        location_code varchar(10) not null,
        country varchar(100) not null,
        name varchar(100) not null,
        primary key (id),
        unique (name, location_code)
    )
Hibernate: 
    create table transportations (
        destination_location_id integer,
        id integer generated by default as identity,
        operating_day_bit_mask integer not null,
        origin_location_id integer,
        transportation_type varchar(25) not null,
        primary key (id)
    )
Hibernate: 
    alter table if exists transportations 
       add constraint FKmks1unqdajlo4yl56p676owsa 
       foreign key (destination_location_id) 
       references locations
Hibernate: 
    alter table if exists transportations 
       add constraint FK86r0wi83ehp0ajr0a2knmtxt5 
       foreign key (origin_location_id) 
       references locations
2025-03-05T02:18:50.196+03:00  INFO 12865 --- [Application-Maven-Web] [           main] j.LocalContainerEntityManagerFactoryBean : Initialized JPA EntityManagerFactory for persistence unit 'default'
2025-03-05T02:18:50.302+03:00  INFO 12865 --- [Application-Maven-Web] [           main] o.f.a.r.a.config.LoggingAspect           : Method called: SwaggerConfig.openAPI()
2025-03-05T02:18:50.302+03:00  INFO 12865 --- [Application-Maven-Web] [           main] o.f.a.r.a.config.LoggingAspect           : Method returned: SwaggerConfig.openAPI() with value class OpenAPI {
    openapi: 3.0.1
    info: class Info {
        title: Flight Routes API
        description: API for finding available flight routes
        summary: null
        termsOfService: null
        contact: class Contact {
            name: Furkan Zengin
            url:   
            email: furkan_zenginn_@hotmail.com
        }
        license: class License {
            name: Apache 2.0
            url: http://www.apache.org/licenses/LICENSE-2.0.html
            identifier: null
        }
        version: 1.0.0
    }
    externalDocs: null
    servers: [class Server {
        url: http://localhost:8080
        description: Development Server
        variables: null
    }]
    security: null
    tags: null
    paths: null
    components: null
}
2025-03-05T02:18:50.371+03:00  WARN 12865 --- [Application-Maven-Web] [           main] JpaBaseConfiguration$JpaWebConfiguration : spring.jpa.open-in-view is enabled by default. Therefore, database queries may be performed during view rendering. Explicitly configure spring.jpa.open-in-view to disable this warning
2025-03-05T02:18:50.385+03:00  INFO 12865 --- [Application-Maven-Web] [           main] o.f.a.r.a.config.LoggingAspect           : Method called: WebConfig.addCorsMappings(..)
2025-03-05T02:18:50.385+03:00  INFO 12865 --- [Application-Maven-Web] [           main] o.f.a.r.a.config.LoggingAspect           : Method returned: WebConfig.addCorsMappings(..) with value null
2025-03-05T02:18:50.556+03:00  INFO 12865 --- [Application-Maven-Web] [           main] o.s.b.t.m.w.SpringBootMockServletContext : Initializing Spring TestDispatcherServlet ''
2025-03-05T02:18:50.556+03:00  INFO 12865 --- [Application-Maven-Web] [           main] o.s.t.web.servlet.TestDispatcherServlet  : Initializing Servlet ''
2025-03-05T02:18:50.557+03:00  INFO 12865 --- [Application-Maven-Web] [           main] o.s.t.web.servlet.TestDispatcherServlet  : Completed initialization in 0 ms
2025-03-05T02:18:50.562+03:00  INFO 12865 --- [Application-Maven-Web] [           main] f.a.r.a.RouteAppValidRouteControllerTest : Started RouteAppValidRouteControllerTest in 0.63 seconds (process running for 3.452)
2025-03-05T02:18:50.565+03:00  INFO 12865 --- [Application-Maven-Web] [           main] j.LocalContainerEntityManagerFactoryBean : Closing JPA EntityManagerFactory for persistence unit 'default'
Hibernate: 
    drop table if exists locations cascade 
Hibernate: 
    drop table if exists transportations cascade 
2025-03-05T02:18:50.567+03:00  INFO 12865 --- [Application-Maven-Web] [           main] com.zaxxer.hikari.HikariDataSource       : HikariPool-2 - Shutdown initiated...
2025-03-05T02:18:50.568+03:00  INFO 12865 --- [Application-Maven-Web] [           main] com.zaxxer.hikari.HikariDataSource       : HikariPool-2 - Shutdown completed.

   _____  _____ _____  
  / ____|/ ____|  __ \ 
 | |    | (___ | |  | |
 | |     \___ \| |  | |
 | |____ ____) | |__| |
  \_____|_____/|_____/ 
                       
                       

2025-03-05T02:18:50.578+03:00  INFO 12865 --- [Application-Maven-Web] [           main] f.a.r.a.RouteAppValidRouteControllerTest : Starting RouteAppValidRouteControllerTest using Java 19.0.2 with PID 12865 (started by furkanzengin in /Users/furkanzengin/Furkan/Programming/thy/AvaliableFlightRouteProject/flight-routes-backend/RouteFindingApp)
2025-03-05T02:18:50.578+03:00  INFO 12865 --- [Application-Maven-Web] [           main] f.a.r.a.RouteAppValidRouteControllerTest : No active profile set, falling back to 1 default profile: "default"
2025-03-05T02:18:50.618+03:00  INFO 12865 --- [Application-Maven-Web] [           main] .s.d.r.c.RepositoryConfigurationDelegate : Bootstrapping Spring Data JPA repositories in DEFAULT mode.
2025-03-05T02:18:50.619+03:00  INFO 12865 --- [Application-Maven-Web] [           main] .s.d.r.c.RepositoryConfigurationDelegate : Finished Spring Data repository scanning in 1 ms. Found 2 JPA repository interfaces.
2025-03-05T02:18:50.680+03:00  INFO 12865 --- [Application-Maven-Web] [           main] o.s.o.j.p.SpringPersistenceUnitInfo      : No LoadTimeWeaver setup: ignoring JPA class transformer
2025-03-05T02:18:50.680+03:00  INFO 12865 --- [Application-Maven-Web] [           main] com.zaxxer.hikari.HikariDataSource       : HikariPool-3 - Starting...
2025-03-05T02:18:50.681+03:00  INFO 12865 --- [Application-Maven-Web] [           main] com.zaxxer.hikari.pool.HikariPool        : HikariPool-3 - Added connection conn2: url=jdbc:h2:mem:testdb user=SA
2025-03-05T02:18:50.681+03:00  INFO 12865 --- [Application-Maven-Web] [           main] com.zaxxer.hikari.HikariDataSource       : HikariPool-3 - Start completed.
Hibernate: 
    drop table if exists locations cascade 
Hibernate: 
    drop table if exists transportations cascade 
Hibernate: 
    create table locations (
        id integer generated by default as identity,
        location_code varchar(10) not null,
        country varchar(100) not null,
        name varchar(100) not null,
        primary key (id),
        unique (name, location_code)
    )
Hibernate: 
    create table transportations (
        destination_location_id integer,
        id integer generated by default as identity,
        operating_day_bit_mask integer not null,
        origin_location_id integer,
        transportation_type varchar(25) not null,
        primary key (id)
    )
Hibernate: 
    alter table if exists transportations 
       add constraint FKmks1unqdajlo4yl56p676owsa 
       foreign key (destination_location_id) 
       references locations
Hibernate: 
    alter table if exists transportations 
       add constraint FK86r0wi83ehp0ajr0a2knmtxt5 
       foreign key (origin_location_id) 
       references locations
2025-03-05T02:18:50.702+03:00  INFO 12865 --- [Application-Maven-Web] [           main] j.LocalContainerEntityManagerFactoryBean : Initialized JPA EntityManagerFactory for persistence unit 'default'
2025-03-05T02:18:50.786+03:00  INFO 12865 --- [Application-Maven-Web] [           main] o.f.a.r.a.config.LoggingAspect           : Method called: SwaggerConfig.openAPI()
2025-03-05T02:18:50.786+03:00  INFO 12865 --- [Application-Maven-Web] [           main] o.f.a.r.a.config.LoggingAspect           : Method returned: SwaggerConfig.openAPI() with value class OpenAPI {
    openapi: 3.0.1
    info: class Info {
        title: Flight Routes API
        description: API for finding available flight routes
        summary: null
        termsOfService: null
        contact: class Contact {
            name: Furkan Zengin
            url:   
            email: furkan_zenginn_@hotmail.com
        }
        license: class License {
            name: Apache 2.0
            url: http://www.apache.org/licenses/LICENSE-2.0.html
            identifier: null
        }
        version: 1.0.0
    }
    externalDocs: null
    servers: [class Server {
        url: http://localhost:8080
        description: Development Server
        variables: null
    }]
    security: null
    tags: null
    paths: null
    components: null
}
2025-03-05T02:18:50.847+03:00  WARN 12865 --- [Application-Maven-Web] [           main] JpaBaseConfiguration$JpaWebConfiguration : spring.jpa.open-in-view is enabled by default. Therefore, database queries may be performed during view rendering. Explicitly configure spring.jpa.open-in-view to disable this warning
2025-03-05T02:18:50.858+03:00  INFO 12865 --- [Application-Maven-Web] [           main] o.f.a.r.a.config.LoggingAspect           : Method called: WebConfig.addCorsMappings(..)
2025-03-05T02:18:50.858+03:00  INFO 12865 --- [Application-Maven-Web] [           main] o.f.a.r.a.config.LoggingAspect           : Method returned: WebConfig.addCorsMappings(..) with value null
2025-03-05T02:18:50.996+03:00  INFO 12865 --- [Application-Maven-Web] [           main] o.s.b.t.m.w.SpringBootMockServletContext : Initializing Spring TestDispatcherServlet ''
2025-03-05T02:18:50.996+03:00  INFO 12865 --- [Application-Maven-Web] [           main] o.s.t.web.servlet.TestDispatcherServlet  : Initializing Servlet ''
2025-03-05T02:18:50.997+03:00  INFO 12865 --- [Application-Maven-Web] [           main] o.s.t.web.servlet.TestDispatcherServlet  : Completed initialization in 0 ms
2025-03-05T02:18:51.001+03:00  INFO 12865 --- [Application-Maven-Web] [           main] f.a.r.a.RouteAppValidRouteControllerTest : Started RouteAppValidRouteControllerTest in 0.432 seconds (process running for 3.892)
2025-03-05T02:18:51.006+03:00  INFO 12865 --- [Application-Maven-Web] [           main] o.f.a.r.a.config.LoggingAspect           : Method called: RouteAppLocationDataService.saveLocation(..)
2025-03-05T02:18:51.006+03:00  INFO 12865 --- [Application-Maven-Web] [           main] o.f.a.r.a.config.LoggingAspect           : Method called: RouteAppLocationRepositoryHelper.findLocationByNameOrLocationCode(..)
2025-03-05T02:18:51.006+03:00  INFO 12865 --- [Application-Maven-Web] [           main] o.f.a.r.a.config.LoggingAspect           : Method called: LocationRepository.findByNameOrLocationCode(..)
Hibernate: 
    select
        l1_0.id,
        l1_0.country,
        l1_0.location_code,
        l1_0.name 
    from
        locations l1_0 
    where
        l1_0.name=? 
        or l1_0.location_code=?
2025-03-05T02:18:51.040+03:00  INFO 12865 --- [Application-Maven-Web] [           main] o.f.a.r.a.config.LoggingAspect           : Method returned: LocationRepository.findByNameOrLocationCode(..) with value []
2025-03-05T02:18:51.040+03:00  INFO 12865 --- [Application-Maven-Web] [           main] o.f.a.r.a.config.LoggingAspect           : Method returned: RouteAppLocationRepositoryHelper.findLocationByNameOrLocationCode(..) with value []
2025-03-05T02:18:51.040+03:00  INFO 12865 --- [Application-Maven-Web] [           main] o.f.a.r.a.config.LoggingAspect           : Method called: LocationMapperImpl.toLocation(..)
2025-03-05T02:18:51.040+03:00  INFO 12865 --- [Application-Maven-Web] [           main] o.f.a.r.a.config.LoggingAspect           : Method returned: LocationMapperImpl.toLocation(..) with value org.fzengin.app.route.repository.entity.Location@0
2025-03-05T02:18:51.040+03:00  INFO 12865 --- [Application-Maven-Web] [           main] o.f.a.r.a.config.LoggingAspect           : Method called: RouteAppLocationRepositoryHelper.saveLocation(..)
2025-03-05T02:18:51.042+03:00  INFO 12865 --- [Application-Maven-Web] [           main] o.f.a.r.a.config.LoggingAspect           : Method called: CrudRepository.save(..)
Hibernate: 
    insert 
    into
        locations
        (country, location_code, name, id) 
    values
        (?, ?, ?, default)
2025-03-05T02:18:51.054+03:00  INFO 12865 --- [Application-Maven-Web] [           main] o.f.a.r.a.config.LoggingAspect           : Method returned: CrudRepository.save(..) with value org.fzengin.app.route.repository.entity.Location@1
2025-03-05T02:18:51.054+03:00  INFO 12865 --- [Application-Maven-Web] [           main] o.f.a.r.a.config.LoggingAspect           : Method returned: RouteAppLocationRepositoryHelper.saveLocation(..) with value org.fzengin.app.route.repository.entity.Location@1
2025-03-05T02:18:51.054+03:00  INFO 12865 --- [Application-Maven-Web] [           main] o.f.a.r.a.config.LoggingAspect           : Method called: LocationMapperImpl.toLocationDto(..)
2025-03-05T02:18:51.054+03:00  INFO 12865 --- [Application-Maven-Web] [           main] o.f.a.r.a.config.LoggingAspect           : Method returned: LocationMapperImpl.toLocationDto(..) with value org.fzengin.app.route.data.dto.LocationDto@32030a76
2025-03-05T02:18:51.054+03:00  INFO 12865 --- [Application-Maven-Web] [           main] o.f.a.r.a.config.LoggingAspect           : Method returned: RouteAppLocationDataService.saveLocation(..) with value org.fzengin.app.route.data.dto.LocationDto@32030a76
2025-03-05T02:18:51.057+03:00  INFO 12865 --- [Application-Maven-Web] [           main] o.f.a.r.a.config.LoggingAspect           : Method called: RouteAppLocationDataService.saveLocation(..)
2025-03-05T02:18:51.057+03:00  INFO 12865 --- [Application-Maven-Web] [           main] o.f.a.r.a.config.LoggingAspect           : Method called: RouteAppLocationRepositoryHelper.findLocationByNameOrLocationCode(..)
2025-03-05T02:18:51.057+03:00  INFO 12865 --- [Application-Maven-Web] [           main] o.f.a.r.a.config.LoggingAspect           : Method called: LocationRepository.findByNameOrLocationCode(..)
Hibernate: 
    select
        l1_0.id,
        l1_0.country,
        l1_0.location_code,
        l1_0.name 
    from
        locations l1_0 
    where
        l1_0.name=? 
        or l1_0.location_code=?
2025-03-05T02:18:51.058+03:00  INFO 12865 --- [Application-Maven-Web] [           main] o.f.a.r.a.config.LoggingAspect           : Method returned: LocationRepository.findByNameOrLocationCode(..) with value []
2025-03-05T02:18:51.058+03:00  INFO 12865 --- [Application-Maven-Web] [           main] o.f.a.r.a.config.LoggingAspect           : Method returned: RouteAppLocationRepositoryHelper.findLocationByNameOrLocationCode(..) with value []
2025-03-05T02:18:51.058+03:00  INFO 12865 --- [Application-Maven-Web] [           main] o.f.a.r.a.config.LoggingAspect           : Method called: LocationMapperImpl.toLocation(..)
2025-03-05T02:18:51.058+03:00  INFO 12865 --- [Application-Maven-Web] [           main] o.f.a.r.a.config.LoggingAspect           : Method returned: LocationMapperImpl.toLocation(..) with value org.fzengin.app.route.repository.entity.Location@0
2025-03-05T02:18:51.058+03:00  INFO 12865 --- [Application-Maven-Web] [           main] o.f.a.r.a.config.LoggingAspect           : Method called: RouteAppLocationRepositoryHelper.saveLocation(..)
2025-03-05T02:18:51.058+03:00  INFO 12865 --- [Application-Maven-Web] [           main] o.f.a.r.a.config.LoggingAspect           : Method called: CrudRepository.save(..)
Hibernate: 
    insert 
    into
        locations
        (country, location_code, name, id) 
    values
        (?, ?, ?, default)
2025-03-05T02:18:51.058+03:00  INFO 12865 --- [Application-Maven-Web] [           main] o.f.a.r.a.config.LoggingAspect           : Method returned: CrudRepository.save(..) with value org.fzengin.app.route.repository.entity.Location@2
2025-03-05T02:18:51.058+03:00  INFO 12865 --- [Application-Maven-Web] [           main] o.f.a.r.a.config.LoggingAspect           : Method returned: RouteAppLocationRepositoryHelper.saveLocation(..) with value org.fzengin.app.route.repository.entity.Location@2
2025-03-05T02:18:51.058+03:00  INFO 12865 --- [Application-Maven-Web] [           main] o.f.a.r.a.config.LoggingAspect           : Method called: LocationMapperImpl.toLocationDto(..)
2025-03-05T02:18:51.058+03:00  INFO 12865 --- [Application-Maven-Web] [           main] o.f.a.r.a.config.LoggingAspect           : Method returned: LocationMapperImpl.toLocationDto(..) with value org.fzengin.app.route.data.dto.LocationDto@9dd412c
2025-03-05T02:18:51.059+03:00  INFO 12865 --- [Application-Maven-Web] [           main] o.f.a.r.a.config.LoggingAspect           : Method returned: RouteAppLocationDataService.saveLocation(..) with value org.fzengin.app.route.data.dto.LocationDto@9dd412c
2025-03-05T02:18:51.059+03:00  INFO 12865 --- [Application-Maven-Web] [           main] o.f.a.r.a.config.LoggingAspect           : Method called: RouteAppLocationDataService.saveLocation(..)
2025-03-05T02:18:51.059+03:00  INFO 12865 --- [Application-Maven-Web] [           main] o.f.a.r.a.config.LoggingAspect           : Method called: RouteAppLocationRepositoryHelper.findLocationByNameOrLocationCode(..)
2025-03-05T02:18:51.059+03:00  INFO 12865 --- [Application-Maven-Web] [           main] o.f.a.r.a.config.LoggingAspect           : Method called: LocationRepository.findByNameOrLocationCode(..)
Hibernate: 
    select
        l1_0.id,
        l1_0.country,
        l1_0.location_code,
        l1_0.name 
    from
        locations l1_0 
    where
        l1_0.name=? 
        or l1_0.location_code=?
2025-03-05T02:18:51.060+03:00  INFO 12865 --- [Application-Maven-Web] [           main] o.f.a.r.a.config.LoggingAspect           : Method returned: LocationRepository.findByNameOrLocationCode(..) with value []
2025-03-05T02:18:51.060+03:00  INFO 12865 --- [Application-Maven-Web] [           main] o.f.a.r.a.config.LoggingAspect           : Method returned: RouteAppLocationRepositoryHelper.findLocationByNameOrLocationCode(..) with value []
2025-03-05T02:18:51.060+03:00  INFO 12865 --- [Application-Maven-Web] [           main] o.f.a.r.a.config.LoggingAspect           : Method called: LocationMapperImpl.toLocation(..)
2025-03-05T02:18:51.060+03:00  INFO 12865 --- [Application-Maven-Web] [           main] o.f.a.r.a.config.LoggingAspect           : Method returned: LocationMapperImpl.toLocation(..) with value org.fzengin.app.route.repository.entity.Location@0
2025-03-05T02:18:51.060+03:00  INFO 12865 --- [Application-Maven-Web] [           main] o.f.a.r.a.config.LoggingAspect           : Method called: RouteAppLocationRepositoryHelper.saveLocation(..)
2025-03-05T02:18:51.060+03:00  INFO 12865 --- [Application-Maven-Web] [           main] o.f.a.r.a.config.LoggingAspect           : Method called: CrudRepository.save(..)
Hibernate: 
    insert 
    into
        locations
        (country, location_code, name, id) 
    values
        (?, ?, ?, default)
2025-03-05T02:18:51.061+03:00  INFO 12865 --- [Application-Maven-Web] [           main] o.f.a.r.a.config.LoggingAspect           : Method returned: CrudRepository.save(..) with value org.fzengin.app.route.repository.entity.Location@3
2025-03-05T02:18:51.061+03:00  INFO 12865 --- [Application-Maven-Web] [           main] o.f.a.r.a.config.LoggingAspect           : Method returned: RouteAppLocationRepositoryHelper.saveLocation(..) with value org.fzengin.app.route.repository.entity.Location@3
2025-03-05T02:18:51.061+03:00  INFO 12865 --- [Application-Maven-Web] [           main] o.f.a.r.a.config.LoggingAspect           : Method called: LocationMapperImpl.toLocationDto(..)
2025-03-05T02:18:51.061+03:00  INFO 12865 --- [Application-Maven-Web] [           main] o.f.a.r.a.config.LoggingAspect           : Method returned: LocationMapperImpl.toLocationDto(..) with value org.fzengin.app.route.data.dto.LocationDto@741f0e03
2025-03-05T02:18:51.061+03:00  INFO 12865 --- [Application-Maven-Web] [           main] o.f.a.r.a.config.LoggingAspect           : Method returned: RouteAppLocationDataService.saveLocation(..) with value org.fzengin.app.route.data.dto.LocationDto@741f0e03
2025-03-05T02:18:51.061+03:00  INFO 12865 --- [Application-Maven-Web] [           main] o.f.a.r.a.config.LoggingAspect           : Method called: RouteAppLocationDataService.saveLocation(..)
2025-03-05T02:18:51.061+03:00  INFO 12865 --- [Application-Maven-Web] [           main] o.f.a.r.a.config.LoggingAspect           : Method called: RouteAppLocationRepositoryHelper.findLocationByNameOrLocationCode(..)
2025-03-05T02:18:51.061+03:00  INFO 12865 --- [Application-Maven-Web] [           main] o.f.a.r.a.config.LoggingAspect           : Method called: LocationRepository.findByNameOrLocationCode(..)
Hibernate: 
    select
        l1_0.id,
        l1_0.country,
        l1_0.location_code,
        l1_0.name 
    from
        locations l1_0 
    where
        l1_0.name=? 
        or l1_0.location_code=?
2025-03-05T02:18:51.062+03:00  INFO 12865 --- [Application-Maven-Web] [           main] o.f.a.r.a.config.LoggingAspect           : Method returned: LocationRepository.findByNameOrLocationCode(..) with value []
2025-03-05T02:18:51.062+03:00  INFO 12865 --- [Application-Maven-Web] [           main] o.f.a.r.a.config.LoggingAspect           : Method returned: RouteAppLocationRepositoryHelper.findLocationByNameOrLocationCode(..) with value []
2025-03-05T02:18:51.062+03:00  INFO 12865 --- [Application-Maven-Web] [           main] o.f.a.r.a.config.LoggingAspect           : Method called: LocationMapperImpl.toLocation(..)
2025-03-05T02:18:51.062+03:00  INFO 12865 --- [Application-Maven-Web] [           main] o.f.a.r.a.config.LoggingAspect           : Method returned: LocationMapperImpl.toLocation(..) with value org.fzengin.app.route.repository.entity.Location@0
2025-03-05T02:18:51.062+03:00  INFO 12865 --- [Application-Maven-Web] [           main] o.f.a.r.a.config.LoggingAspect           : Method called: RouteAppLocationRepositoryHelper.saveLocation(..)
2025-03-05T02:18:51.062+03:00  INFO 12865 --- [Application-Maven-Web] [           main] o.f.a.r.a.config.LoggingAspect           : Method called: CrudRepository.save(..)
Hibernate: 
    insert 
    into
        locations
        (country, location_code, name, id) 
    values
        (?, ?, ?, default)
2025-03-05T02:18:51.062+03:00  INFO 12865 --- [Application-Maven-Web] [           main] o.f.a.r.a.config.LoggingAspect           : Method returned: CrudRepository.save(..) with value org.fzengin.app.route.repository.entity.Location@4
2025-03-05T02:18:51.062+03:00  INFO 12865 --- [Application-Maven-Web] [           main] o.f.a.r.a.config.LoggingAspect           : Method returned: RouteAppLocationRepositoryHelper.saveLocation(..) with value org.fzengin.app.route.repository.entity.Location@4
2025-03-05T02:18:51.062+03:00  INFO 12865 --- [Application-Maven-Web] [           main] o.f.a.r.a.config.LoggingAspect           : Method called: LocationMapperImpl.toLocationDto(..)
2025-03-05T02:18:51.062+03:00  INFO 12865 --- [Application-Maven-Web] [           main] o.f.a.r.a.config.LoggingAspect           : Method returned: LocationMapperImpl.toLocationDto(..) with value org.fzengin.app.route.data.dto.LocationDto@fa7c7159
2025-03-05T02:18:51.062+03:00  INFO 12865 --- [Application-Maven-Web] [           main] o.f.a.r.a.config.LoggingAspect           : Method returned: RouteAppLocationDataService.saveLocation(..) with value org.fzengin.app.route.data.dto.LocationDto@fa7c7159
2025-03-05T02:18:51.063+03:00  INFO 12865 --- [Application-Maven-Web] [           main] o.f.a.r.a.config.LoggingAspect           : Method called: RouteAppLocationDataService.findLocationByLocationName(..)
2025-03-05T02:18:51.063+03:00  INFO 12865 --- [Application-Maven-Web] [           main] o.f.a.r.a.config.LoggingAspect           : Method called: RouteAppLocationRepositoryHelper.findLocationByName(..)
2025-03-05T02:18:51.063+03:00  INFO 12865 --- [Application-Maven-Web] [           main] o.f.a.r.a.config.LoggingAspect           : Method called: LocationRepository.findLocationByNameIgnoreCase(..)
Hibernate: 
    select
        l1_0.id,
        l1_0.country,
        l1_0.location_code,
        l1_0.name 
    from
        locations l1_0 
    where
        upper(l1_0.name)=upper(?)
2025-03-05T02:18:51.081+03:00  INFO 12865 --- [Application-Maven-Web] [           main] o.f.a.r.a.config.LoggingAspect           : Method returned: LocationRepository.findLocationByNameIgnoreCase(..) with value Optional[org.fzengin.app.route.repository.entity.Location@2]
2025-03-05T02:18:51.081+03:00  INFO 12865 --- [Application-Maven-Web] [           main] o.f.a.r.a.config.LoggingAspect           : Method returned: RouteAppLocationRepositoryHelper.findLocationByName(..) with value Optional[org.fzengin.app.route.repository.entity.Location@2]
2025-03-05T02:18:51.081+03:00  INFO 12865 --- [Application-Maven-Web] [           main] o.f.a.r.a.config.LoggingAspect           : Method called: LocationMapperImpl.toLocationDto(..)
2025-03-05T02:18:51.081+03:00  INFO 12865 --- [Application-Maven-Web] [           main] o.f.a.r.a.config.LoggingAspect           : Method returned: LocationMapperImpl.toLocationDto(..) with value org.fzengin.app.route.data.dto.LocationDto@9dd412c
2025-03-05T02:18:51.081+03:00  INFO 12865 --- [Application-Maven-Web] [           main] o.f.a.r.a.config.LoggingAspect           : Method returned: RouteAppLocationDataService.findLocationByLocationName(..) with value Optional[org.fzengin.app.route.data.dto.LocationDto@9dd412c]
2025-03-05T02:18:51.081+03:00  INFO 12865 --- [Application-Maven-Web] [           main] o.f.a.r.a.config.LoggingAspect           : Method called: RouteAppLocationDataService.findLocationByLocationName(..)
2025-03-05T02:18:51.081+03:00  INFO 12865 --- [Application-Maven-Web] [           main] o.f.a.r.a.config.LoggingAspect           : Method called: RouteAppLocationRepositoryHelper.findLocationByName(..)
2025-03-05T02:18:51.081+03:00  INFO 12865 --- [Application-Maven-Web] [           main] o.f.a.r.a.config.LoggingAspect           : Method called: LocationRepository.findLocationByNameIgnoreCase(..)
Hibernate: 
    select
        l1_0.id,
        l1_0.country,
        l1_0.location_code,
        l1_0.name 
    from
        locations l1_0 
    where
        upper(l1_0.name)=upper(?)
2025-03-05T02:18:51.082+03:00  INFO 12865 --- [Application-Maven-Web] [           main] o.f.a.r.a.config.LoggingAspect           : Method returned: LocationRepository.findLocationByNameIgnoreCase(..) with value Optional[org.fzengin.app.route.repository.entity.Location@1]
2025-03-05T02:18:51.082+03:00  INFO 12865 --- [Application-Maven-Web] [           main] o.f.a.r.a.config.LoggingAspect           : Method returned: RouteAppLocationRepositoryHelper.findLocationByName(..) with value Optional[org.fzengin.app.route.repository.entity.Location@1]
2025-03-05T02:18:51.082+03:00  INFO 12865 --- [Application-Maven-Web] [           main] o.f.a.r.a.config.LoggingAspect           : Method called: LocationMapperImpl.toLocationDto(..)
2025-03-05T02:18:51.082+03:00  INFO 12865 --- [Application-Maven-Web] [           main] o.f.a.r.a.config.LoggingAspect           : Method returned: LocationMapperImpl.toLocationDto(..) with value org.fzengin.app.route.data.dto.LocationDto@32030a76
2025-03-05T02:18:51.082+03:00  INFO 12865 --- [Application-Maven-Web] [           main] o.f.a.r.a.config.LoggingAspect           : Method returned: RouteAppLocationDataService.findLocationByLocationName(..) with value Optional[org.fzengin.app.route.data.dto.LocationDto@32030a76]
2025-03-05T02:18:51.082+03:00  INFO 12865 --- [Application-Maven-Web] [           main] o.f.a.r.a.config.LoggingAspect           : Method called: RouteAppLocationDataService.findLocationByLocationName(..)
2025-03-05T02:18:51.082+03:00  INFO 12865 --- [Application-Maven-Web] [           main] o.f.a.r.a.config.LoggingAspect           : Method called: RouteAppLocationRepositoryHelper.findLocationByName(..)
2025-03-05T02:18:51.082+03:00  INFO 12865 --- [Application-Maven-Web] [           main] o.f.a.r.a.config.LoggingAspect           : Method called: LocationRepository.findLocationByNameIgnoreCase(..)
Hibernate: 
    select
        l1_0.id,
        l1_0.country,
        l1_0.location_code,
        l1_0.name 
    from
        locations l1_0 
    where
        upper(l1_0.name)=upper(?)
2025-03-05T02:18:51.083+03:00  INFO 12865 --- [Application-Maven-Web] [           main] o.f.a.r.a.config.LoggingAspect           : Method returned: LocationRepository.findLocationByNameIgnoreCase(..) with value Optional[org.fzengin.app.route.repository.entity.Location@3]
2025-03-05T02:18:51.083+03:00  INFO 12865 --- [Application-Maven-Web] [           main] o.f.a.r.a.config.LoggingAspect           : Method returned: RouteAppLocationRepositoryHelper.findLocationByName(..) with value Optional[org.fzengin.app.route.repository.entity.Location@3]
2025-03-05T02:18:51.083+03:00  INFO 12865 --- [Application-Maven-Web] [           main] o.f.a.r.a.config.LoggingAspect           : Method called: LocationMapperImpl.toLocationDto(..)
2025-03-05T02:18:51.083+03:00  INFO 12865 --- [Application-Maven-Web] [           main] o.f.a.r.a.config.LoggingAspect           : Method returned: LocationMapperImpl.toLocationDto(..) with value org.fzengin.app.route.data.dto.LocationDto@741f0e03
2025-03-05T02:18:51.083+03:00  INFO 12865 --- [Application-Maven-Web] [           main] o.f.a.r.a.config.LoggingAspect           : Method returned: RouteAppLocationDataService.findLocationByLocationName(..) with value Optional[org.fzengin.app.route.data.dto.LocationDto@741f0e03]
2025-03-05T02:18:51.083+03:00  INFO 12865 --- [Application-Maven-Web] [           main] o.f.a.r.a.config.LoggingAspect           : Method called: RouteAppLocationDataService.findLocationByLocationName(..)
2025-03-05T02:18:51.083+03:00  INFO 12865 --- [Application-Maven-Web] [           main] o.f.a.r.a.config.LoggingAspect           : Method called: RouteAppLocationRepositoryHelper.findLocationByName(..)
2025-03-05T02:18:51.083+03:00  INFO 12865 --- [Application-Maven-Web] [           main] o.f.a.r.a.config.LoggingAspect           : Method called: LocationRepository.findLocationByNameIgnoreCase(..)
Hibernate: 
    select
        l1_0.id,
        l1_0.country,
        l1_0.location_code,
        l1_0.name 
    from
        locations l1_0 
    where
        upper(l1_0.name)=upper(?)
2025-03-05T02:18:51.084+03:00  INFO 12865 --- [Application-Maven-Web] [           main] o.f.a.r.a.config.LoggingAspect           : Method returned: LocationRepository.findLocationByNameIgnoreCase(..) with value Optional[org.fzengin.app.route.repository.entity.Location@4]
2025-03-05T02:18:51.084+03:00  INFO 12865 --- [Application-Maven-Web] [           main] o.f.a.r.a.config.LoggingAspect           : Method returned: RouteAppLocationRepositoryHelper.findLocationByName(..) with value Optional[org.fzengin.app.route.repository.entity.Location@4]
2025-03-05T02:18:51.084+03:00  INFO 12865 --- [Application-Maven-Web] [           main] o.f.a.r.a.config.LoggingAspect           : Method called: LocationMapperImpl.toLocationDto(..)
2025-03-05T02:18:51.084+03:00  INFO 12865 --- [Application-Maven-Web] [           main] o.f.a.r.a.config.LoggingAspect           : Method returned: LocationMapperImpl.toLocationDto(..) with value org.fzengin.app.route.data.dto.LocationDto@fa7c7159
2025-03-05T02:18:51.084+03:00  INFO 12865 --- [Application-Maven-Web] [           main] o.f.a.r.a.config.LoggingAspect           : Method returned: RouteAppLocationDataService.findLocationByLocationName(..) with value Optional[org.fzengin.app.route.data.dto.LocationDto@fa7c7159]
2025-03-05T02:18:51.084+03:00  INFO 12865 --- [Application-Maven-Web] [           main] o.f.a.r.a.config.LoggingAspect           : Method called: RouteAppTransportationDataService.saveTransportation(..)
2025-03-05T02:18:51.084+03:00  INFO 12865 --- [Application-Maven-Web] [           main] o.f.a.r.a.config.LoggingAspect           : Method called: RouteAppLocationRepositoryHelper.findLocationById(..)
2025-03-05T02:18:51.084+03:00  INFO 12865 --- [Application-Maven-Web] [           main] o.f.a.r.a.config.LoggingAspect           : Method called: LocationRepository.findLocationById(..)
Hibernate: 
    select
        l1_0.id,
        l1_0.country,
        l1_0.location_code,
        l1_0.name 
    from
        locations l1_0 
    where
        l1_0.id=?
2025-03-05T02:18:51.085+03:00  INFO 12865 --- [Application-Maven-Web] [           main] o.f.a.r.a.config.LoggingAspect           : Method returned: LocationRepository.findLocationById(..) with value Optional[org.fzengin.app.route.repository.entity.Location@2]
2025-03-05T02:18:51.085+03:00  INFO 12865 --- [Application-Maven-Web] [           main] o.f.a.r.a.config.LoggingAspect           : Method returned: RouteAppLocationRepositoryHelper.findLocationById(..) with value Optional[org.fzengin.app.route.repository.entity.Location@2]
2025-03-05T02:18:51.085+03:00  INFO 12865 --- [Application-Maven-Web] [           main] o.f.a.r.a.config.LoggingAspect           : Method called: RouteAppLocationRepositoryHelper.findLocationById(..)
2025-03-05T02:18:51.085+03:00  INFO 12865 --- [Application-Maven-Web] [           main] o.f.a.r.a.config.LoggingAspect           : Method called: LocationRepository.findLocationById(..)
Hibernate: 
    select
        l1_0.id,
        l1_0.country,
        l1_0.location_code,
        l1_0.name 
    from
        locations l1_0 
    where
        l1_0.id=?
2025-03-05T02:18:51.086+03:00  INFO 12865 --- [Application-Maven-Web] [           main] o.f.a.r.a.config.LoggingAspect           : Method returned: LocationRepository.findLocationById(..) with value Optional[org.fzengin.app.route.repository.entity.Location@1]
2025-03-05T02:18:51.086+03:00  INFO 12865 --- [Application-Maven-Web] [           main] o.f.a.r.a.config.LoggingAspect           : Method returned: RouteAppLocationRepositoryHelper.findLocationById(..) with value Optional[org.fzengin.app.route.repository.entity.Location@1]
2025-03-05T02:18:51.086+03:00  INFO 12865 --- [Application-Maven-Web] [           main] o.f.a.r.a.config.LoggingAspect           : Method called: TransportationMapperImpl.toTransportation(..)
2025-03-05T02:18:51.086+03:00  INFO 12865 --- [Application-Maven-Web] [           main] o.f.a.r.a.config.LoggingAspect           : Method returned: TransportationMapperImpl.toTransportation(..) with value org.fzengin.app.route.repository.entity.Transportation@0
2025-03-05T02:18:51.087+03:00  INFO 12865 --- [Application-Maven-Web] [           main] o.f.a.r.a.config.LoggingAspect           : Method called: RouteAppTransportationRepositoryHelper.saveTransportation(..)
2025-03-05T02:18:51.087+03:00  INFO 12865 --- [Application-Maven-Web] [           main] o.f.a.r.a.config.LoggingAspect           : Method called: CrudRepository.save(..)
Hibernate: 
    insert 
    into
        transportations
        (destination_location_id, operating_day_bit_mask, origin_location_id, transportation_type, id) 
    values
        (?, ?, ?, ?, default)
2025-03-05T02:18:51.088+03:00  INFO 12865 --- [Application-Maven-Web] [           main] o.f.a.r.a.config.LoggingAspect           : Method returned: CrudRepository.save(..) with value org.fzengin.app.route.repository.entity.Transportation@1
2025-03-05T02:18:51.088+03:00  INFO 12865 --- [Application-Maven-Web] [           main] o.f.a.r.a.config.LoggingAspect           : Method returned: RouteAppTransportationRepositoryHelper.saveTransportation(..) with value org.fzengin.app.route.repository.entity.Transportation@1
2025-03-05T02:18:51.088+03:00  INFO 12865 --- [Application-Maven-Web] [           main] o.f.a.r.a.config.LoggingAspect           : Method called: TransportationMapperImpl.toTransportationDto(..)
2025-03-05T02:18:51.089+03:00  INFO 12865 --- [Application-Maven-Web] [           main] o.f.a.r.a.config.LoggingAspect           : Method returned: TransportationMapperImpl.toTransportationDto(..) with value org.fzengin.app.route.data.dto.TransportationDto@29ad358c
2025-03-05T02:18:51.089+03:00  INFO 12865 --- [Application-Maven-Web] [           main] o.f.a.r.a.config.LoggingAspect           : Method returned: RouteAppTransportationDataService.saveTransportation(..) with value org.fzengin.app.route.data.dto.TransportationDto@29ad358c
2025-03-05T02:18:51.089+03:00  INFO 12865 --- [Application-Maven-Web] [           main] o.f.a.r.a.config.LoggingAspect           : Method called: RouteAppTransportationDataService.saveTransportation(..)
2025-03-05T02:18:51.089+03:00  INFO 12865 --- [Application-Maven-Web] [           main] o.f.a.r.a.config.LoggingAspect           : Method called: RouteAppLocationRepositoryHelper.findLocationById(..)
2025-03-05T02:18:51.089+03:00  INFO 12865 --- [Application-Maven-Web] [           main] o.f.a.r.a.config.LoggingAspect           : Method called: LocationRepository.findLocationById(..)
Hibernate: 
    select
        l1_0.id,
        l1_0.country,
        l1_0.location_code,
        l1_0.name 
    from
        locations l1_0 
    where
        l1_0.id=?
2025-03-05T02:18:51.089+03:00  INFO 12865 --- [Application-Maven-Web] [           main] o.f.a.r.a.config.LoggingAspect           : Method returned: LocationRepository.findLocationById(..) with value Optional[org.fzengin.app.route.repository.entity.Location@1]
2025-03-05T02:18:51.089+03:00  INFO 12865 --- [Application-Maven-Web] [           main] o.f.a.r.a.config.LoggingAspect           : Method returned: RouteAppLocationRepositoryHelper.findLocationById(..) with value Optional[org.fzengin.app.route.repository.entity.Location@1]
2025-03-05T02:18:51.089+03:00  INFO 12865 --- [Application-Maven-Web] [           main] o.f.a.r.a.config.LoggingAspect           : Method called: RouteAppLocationRepositoryHelper.findLocationById(..)
2025-03-05T02:18:51.089+03:00  INFO 12865 --- [Application-Maven-Web] [           main] o.f.a.r.a.config.LoggingAspect           : Method called: LocationRepository.findLocationById(..)
Hibernate: 
    select
        l1_0.id,
        l1_0.country,
        l1_0.location_code,
        l1_0.name 
    from
        locations l1_0 
    where
        l1_0.id=?
2025-03-05T02:18:51.090+03:00  INFO 12865 --- [Application-Maven-Web] [           main] o.f.a.r.a.config.LoggingAspect           : Method returned: LocationRepository.findLocationById(..) with value Optional[org.fzengin.app.route.repository.entity.Location@2]
2025-03-05T02:18:51.090+03:00  INFO 12865 --- [Application-Maven-Web] [           main] o.f.a.r.a.config.LoggingAspect           : Method returned: RouteAppLocationRepositoryHelper.findLocationById(..) with value Optional[org.fzengin.app.route.repository.entity.Location@2]
2025-03-05T02:18:51.090+03:00  INFO 12865 --- [Application-Maven-Web] [           main] o.f.a.r.a.config.LoggingAspect           : Method called: TransportationMapperImpl.toTransportation(..)
2025-03-05T02:18:51.090+03:00  INFO 12865 --- [Application-Maven-Web] [           main] o.f.a.r.a.config.LoggingAspect           : Method returned: TransportationMapperImpl.toTransportation(..) with value org.fzengin.app.route.repository.entity.Transportation@0
2025-03-05T02:18:51.090+03:00  INFO 12865 --- [Application-Maven-Web] [           main] o.f.a.r.a.config.LoggingAspect           : Method called: RouteAppTransportationRepositoryHelper.saveTransportation(..)
2025-03-05T02:18:51.090+03:00  INFO 12865 --- [Application-Maven-Web] [           main] o.f.a.r.a.config.LoggingAspect           : Method called: CrudRepository.save(..)
Hibernate: 
    insert 
    into
        transportations
        (destination_location_id, operating_day_bit_mask, origin_location_id, transportation_type, id) 
    values
        (?, ?, ?, ?, default)
2025-03-05T02:18:51.091+03:00  INFO 12865 --- [Application-Maven-Web] [           main] o.f.a.r.a.config.LoggingAspect           : Method returned: CrudRepository.save(..) with value org.fzengin.app.route.repository.entity.Transportation@2
2025-03-05T02:18:51.091+03:00  INFO 12865 --- [Application-Maven-Web] [           main] o.f.a.r.a.config.LoggingAspect           : Method returned: RouteAppTransportationRepositoryHelper.saveTransportation(..) with value org.fzengin.app.route.repository.entity.Transportation@2
2025-03-05T02:18:51.091+03:00  INFO 12865 --- [Application-Maven-Web] [           main] o.f.a.r.a.config.LoggingAspect           : Method called: TransportationMapperImpl.toTransportationDto(..)
2025-03-05T02:18:51.091+03:00  INFO 12865 --- [Application-Maven-Web] [           main] o.f.a.r.a.config.LoggingAspect           : Method returned: TransportationMapperImpl.toTransportationDto(..) with value org.fzengin.app.route.data.dto.TransportationDto@65a610f7
2025-03-05T02:18:51.091+03:00  INFO 12865 --- [Application-Maven-Web] [           main] o.f.a.r.a.config.LoggingAspect           : Method returned: RouteAppTransportationDataService.saveTransportation(..) with value org.fzengin.app.route.data.dto.TransportationDto@65a610f7
2025-03-05T02:18:51.091+03:00  INFO 12865 --- [Application-Maven-Web] [           main] o.f.a.r.a.config.LoggingAspect           : Method called: RouteAppTransportationDataService.saveTransportation(..)
2025-03-05T02:18:51.091+03:00  INFO 12865 --- [Application-Maven-Web] [           main] o.f.a.r.a.config.LoggingAspect           : Method called: RouteAppLocationRepositoryHelper.findLocationById(..)
2025-03-05T02:18:51.091+03:00  INFO 12865 --- [Application-Maven-Web] [           main] o.f.a.r.a.config.LoggingAspect           : Method called: LocationRepository.findLocationById(..)
Hibernate: 
    select
        l1_0.id,
        l1_0.country,
        l1_0.location_code,
        l1_0.name 
    from
        locations l1_0 
    where
        l1_0.id=?
2025-03-05T02:18:51.092+03:00  INFO 12865 --- [Application-Maven-Web] [           main] o.f.a.r.a.config.LoggingAspect           : Method returned: LocationRepository.findLocationById(..) with value Optional[org.fzengin.app.route.repository.entity.Location@3]
2025-03-05T02:18:51.092+03:00  INFO 12865 --- [Application-Maven-Web] [           main] o.f.a.r.a.config.LoggingAspect           : Method returned: RouteAppLocationRepositoryHelper.findLocationById(..) with value Optional[org.fzengin.app.route.repository.entity.Location@3]
2025-03-05T02:18:51.092+03:00  INFO 12865 --- [Application-Maven-Web] [           main] o.f.a.r.a.config.LoggingAspect           : Method called: RouteAppLocationRepositoryHelper.findLocationById(..)
2025-03-05T02:18:51.092+03:00  INFO 12865 --- [Application-Maven-Web] [           main] o.f.a.r.a.config.LoggingAspect           : Method called: LocationRepository.findLocationById(..)
Hibernate: 
    select
        l1_0.id,
        l1_0.country,
        l1_0.location_code,
        l1_0.name 
    from
        locations l1_0 
    where
        l1_0.id=?
2025-03-05T02:18:51.093+03:00  INFO 12865 --- [Application-Maven-Web] [           main] o.f.a.r.a.config.LoggingAspect           : Method returned: LocationRepository.findLocationById(..) with value Optional[org.fzengin.app.route.repository.entity.Location@4]
2025-03-05T02:18:51.093+03:00  INFO 12865 --- [Application-Maven-Web] [           main] o.f.a.r.a.config.LoggingAspect           : Method returned: RouteAppLocationRepositoryHelper.findLocationById(..) with value Optional[org.fzengin.app.route.repository.entity.Location@4]
2025-03-05T02:18:51.093+03:00  INFO 12865 --- [Application-Maven-Web] [           main] o.f.a.r.a.config.LoggingAspect           : Method called: TransportationMapperImpl.toTransportation(..)
2025-03-05T02:18:51.093+03:00  INFO 12865 --- [Application-Maven-Web] [           main] o.f.a.r.a.config.LoggingAspect           : Method returned: TransportationMapperImpl.toTransportation(..) with value org.fzengin.app.route.repository.entity.Transportation@0
2025-03-05T02:18:51.093+03:00  INFO 12865 --- [Application-Maven-Web] [           main] o.f.a.r.a.config.LoggingAspect           : Method called: RouteAppTransportationRepositoryHelper.saveTransportation(..)
2025-03-05T02:18:51.093+03:00  INFO 12865 --- [Application-Maven-Web] [           main] o.f.a.r.a.config.LoggingAspect           : Method called: CrudRepository.save(..)
Hibernate: 
    insert 
    into
        transportations
        (destination_location_id, operating_day_bit_mask, origin_location_id, transportation_type, id) 
    values
        (?, ?, ?, ?, default)
2025-03-05T02:18:51.095+03:00  INFO 12865 --- [Application-Maven-Web] [           main] o.f.a.r.a.config.LoggingAspect           : Method returned: CrudRepository.save(..) with value org.fzengin.app.route.repository.entity.Transportation@3
2025-03-05T02:18:51.095+03:00  INFO 12865 --- [Application-Maven-Web] [           main] o.f.a.r.a.config.LoggingAspect           : Method returned: RouteAppTransportationRepositoryHelper.saveTransportation(..) with value org.fzengin.app.route.repository.entity.Transportation@3
2025-03-05T02:18:51.095+03:00  INFO 12865 --- [Application-Maven-Web] [           main] o.f.a.r.a.config.LoggingAspect           : Method called: TransportationMapperImpl.toTransportationDto(..)
2025-03-05T02:18:51.095+03:00  INFO 12865 --- [Application-Maven-Web] [           main] o.f.a.r.a.config.LoggingAspect           : Method returned: TransportationMapperImpl.toTransportationDto(..) with value org.fzengin.app.route.data.dto.TransportationDto@68d57037
2025-03-05T02:18:51.095+03:00  INFO 12865 --- [Application-Maven-Web] [           main] o.f.a.r.a.config.LoggingAspect           : Method returned: RouteAppTransportationDataService.saveTransportation(..) with value org.fzengin.app.route.data.dto.TransportationDto@68d57037
2025-03-05T02:18:51.095+03:00  INFO 12865 --- [Application-Maven-Web] [           main] o.f.a.r.a.config.LoggingAspect           : Method called: RouteAppTransportationDataService.saveTransportation(..)
2025-03-05T02:18:51.095+03:00  INFO 12865 --- [Application-Maven-Web] [           main] o.f.a.r.a.config.LoggingAspect           : Method called: RouteAppLocationRepositoryHelper.findLocationById(..)
2025-03-05T02:18:51.095+03:00  INFO 12865 --- [Application-Maven-Web] [           main] o.f.a.r.a.config.LoggingAspect           : Method called: LocationRepository.findLocationById(..)
Hibernate: 
    select
        l1_0.id,
        l1_0.country,
        l1_0.location_code,
        l1_0.name 
    from
        locations l1_0 
    where
        l1_0.id=?
2025-03-05T02:18:51.096+03:00  INFO 12865 --- [Application-Maven-Web] [           main] o.f.a.r.a.config.LoggingAspect           : Method returned: LocationRepository.findLocationById(..) with value Optional[org.fzengin.app.route.repository.entity.Location@1]
2025-03-05T02:18:51.096+03:00  INFO 12865 --- [Application-Maven-Web] [           main] o.f.a.r.a.config.LoggingAspect           : Method returned: RouteAppLocationRepositoryHelper.findLocationById(..) with value Optional[org.fzengin.app.route.repository.entity.Location@1]
2025-03-05T02:18:51.096+03:00  INFO 12865 --- [Application-Maven-Web] [           main] o.f.a.r.a.config.LoggingAspect           : Method called: RouteAppLocationRepositoryHelper.findLocationById(..)
2025-03-05T02:18:51.096+03:00  INFO 12865 --- [Application-Maven-Web] [           main] o.f.a.r.a.config.LoggingAspect           : Method called: LocationRepository.findLocationById(..)
Hibernate: 
    select
        l1_0.id,
        l1_0.country,
        l1_0.location_code,
        l1_0.name 
    from
        locations l1_0 
    where
        l1_0.id=?
2025-03-05T02:18:51.097+03:00  INFO 12865 --- [Application-Maven-Web] [           main] o.f.a.r.a.config.LoggingAspect           : Method returned: LocationRepository.findLocationById(..) with value Optional[org.fzengin.app.route.repository.entity.Location@4]
2025-03-05T02:18:51.097+03:00  INFO 12865 --- [Application-Maven-Web] [           main] o.f.a.r.a.config.LoggingAspect           : Method returned: RouteAppLocationRepositoryHelper.findLocationById(..) with value Optional[org.fzengin.app.route.repository.entity.Location@4]
2025-03-05T02:18:51.097+03:00  INFO 12865 --- [Application-Maven-Web] [           main] o.f.a.r.a.config.LoggingAspect           : Method called: TransportationMapperImpl.toTransportation(..)
2025-03-05T02:18:51.097+03:00  INFO 12865 --- [Application-Maven-Web] [           main] o.f.a.r.a.config.LoggingAspect           : Method returned: TransportationMapperImpl.toTransportation(..) with value org.fzengin.app.route.repository.entity.Transportation@0
2025-03-05T02:18:51.097+03:00  INFO 12865 --- [Application-Maven-Web] [           main] o.f.a.r.a.config.LoggingAspect           : Method called: RouteAppTransportationRepositoryHelper.saveTransportation(..)
2025-03-05T02:18:51.097+03:00  INFO 12865 --- [Application-Maven-Web] [           main] o.f.a.r.a.config.LoggingAspect           : Method called: CrudRepository.save(..)
Hibernate: 
    insert 
    into
        transportations
        (destination_location_id, operating_day_bit_mask, origin_location_id, transportation_type, id) 
    values
        (?, ?, ?, ?, default)
2025-03-05T02:18:51.097+03:00  INFO 12865 --- [Application-Maven-Web] [           main] o.f.a.r.a.config.LoggingAspect           : Method returned: CrudRepository.save(..) with value org.fzengin.app.route.repository.entity.Transportation@4
2025-03-05T02:18:51.097+03:00  INFO 12865 --- [Application-Maven-Web] [           main] o.f.a.r.a.config.LoggingAspect           : Method returned: RouteAppTransportationRepositoryHelper.saveTransportation(..) with value org.fzengin.app.route.repository.entity.Transportation@4
2025-03-05T02:18:51.097+03:00  INFO 12865 --- [Application-Maven-Web] [           main] o.f.a.r.a.config.LoggingAspect           : Method called: TransportationMapperImpl.toTransportationDto(..)
2025-03-05T02:18:51.097+03:00  INFO 12865 --- [Application-Maven-Web] [           main] o.f.a.r.a.config.LoggingAspect           : Method returned: TransportationMapperImpl.toTransportationDto(..) with value org.fzengin.app.route.data.dto.TransportationDto@2248583e
2025-03-05T02:18:51.097+03:00  INFO 12865 --- [Application-Maven-Web] [           main] o.f.a.r.a.config.LoggingAspect           : Method returned: RouteAppTransportationDataService.saveTransportation(..) with value org.fzengin.app.route.data.dto.TransportationDto@2248583e
2025-03-05T02:18:51.098+03:00  INFO 12865 --- [Application-Maven-Web] [           main] o.f.a.r.a.config.LoggingAspect           : Method called: RouteAppTransportationDataService.saveTransportation(..)
2025-03-05T02:18:51.098+03:00  INFO 12865 --- [Application-Maven-Web] [           main] o.f.a.r.a.config.LoggingAspect           : Method called: RouteAppLocationRepositoryHelper.findLocationById(..)
2025-03-05T02:18:51.098+03:00  INFO 12865 --- [Application-Maven-Web] [           main] o.f.a.r.a.config.LoggingAspect           : Method called: LocationRepository.findLocationById(..)
Hibernate: 
    select
        l1_0.id,
        l1_0.country,
        l1_0.location_code,
        l1_0.name 
    from
        locations l1_0 
    where
        l1_0.id=?
2025-03-05T02:18:51.098+03:00  INFO 12865 --- [Application-Maven-Web] [           main] o.f.a.r.a.config.LoggingAspect           : Method returned: LocationRepository.findLocationById(..) with value Optional[org.fzengin.app.route.repository.entity.Location@3]
2025-03-05T02:18:51.098+03:00  INFO 12865 --- [Application-Maven-Web] [           main] o.f.a.r.a.config.LoggingAspect           : Method returned: RouteAppLocationRepositoryHelper.findLocationById(..) with value Optional[org.fzengin.app.route.repository.entity.Location@3]
2025-03-05T02:18:51.098+03:00  INFO 12865 --- [Application-Maven-Web] [           main] o.f.a.r.a.config.LoggingAspect           : Method called: RouteAppLocationRepositoryHelper.findLocationById(..)
2025-03-05T02:18:51.098+03:00  INFO 12865 --- [Application-Maven-Web] [           main] o.f.a.r.a.config.LoggingAspect           : Method called: LocationRepository.findLocationById(..)
Hibernate: 
    select
        l1_0.id,
        l1_0.country,
        l1_0.location_code,
        l1_0.name 
    from
        locations l1_0 
    where
        l1_0.id=?
2025-03-05T02:18:51.099+03:00  INFO 12865 --- [Application-Maven-Web] [           main] o.f.a.r.a.config.LoggingAspect           : Method returned: LocationRepository.findLocationById(..) with value Optional[org.fzengin.app.route.repository.entity.Location@2]
2025-03-05T02:18:51.099+03:00  INFO 12865 --- [Application-Maven-Web] [           main] o.f.a.r.a.config.LoggingAspect           : Method returned: RouteAppLocationRepositoryHelper.findLocationById(..) with value Optional[org.fzengin.app.route.repository.entity.Location@2]
2025-03-05T02:18:51.099+03:00  INFO 12865 --- [Application-Maven-Web] [           main] o.f.a.r.a.config.LoggingAspect           : Method called: TransportationMapperImpl.toTransportation(..)
2025-03-05T02:18:51.099+03:00  INFO 12865 --- [Application-Maven-Web] [           main] o.f.a.r.a.config.LoggingAspect           : Method returned: TransportationMapperImpl.toTransportation(..) with value org.fzengin.app.route.repository.entity.Transportation@0
2025-03-05T02:18:51.099+03:00  INFO 12865 --- [Application-Maven-Web] [           main] o.f.a.r.a.config.LoggingAspect           : Method called: RouteAppTransportationRepositoryHelper.saveTransportation(..)
2025-03-05T02:18:51.099+03:00  INFO 12865 --- [Application-Maven-Web] [           main] o.f.a.r.a.config.LoggingAspect           : Method called: CrudRepository.save(..)
Hibernate: 
    insert 
    into
        transportations
        (destination_location_id, operating_day_bit_mask, origin_location_id, transportation_type, id) 
    values
        (?, ?, ?, ?, default)
2025-03-05T02:18:51.099+03:00  INFO 12865 --- [Application-Maven-Web] [           main] o.f.a.r.a.config.LoggingAspect           : Method returned: CrudRepository.save(..) with value org.fzengin.app.route.repository.entity.Transportation@5
2025-03-05T02:18:51.099+03:00  INFO 12865 --- [Application-Maven-Web] [           main] o.f.a.r.a.config.LoggingAspect           : Method returned: RouteAppTransportationRepositoryHelper.saveTransportation(..) with value org.fzengin.app.route.repository.entity.Transportation@5
2025-03-05T02:18:51.099+03:00  INFO 12865 --- [Application-Maven-Web] [           main] o.f.a.r.a.config.LoggingAspect           : Method called: TransportationMapperImpl.toTransportationDto(..)
2025-03-05T02:18:51.099+03:00  INFO 12865 --- [Application-Maven-Web] [           main] o.f.a.r.a.config.LoggingAspect           : Method returned: TransportationMapperImpl.toTransportationDto(..) with value org.fzengin.app.route.data.dto.TransportationDto@7aff1fa3
2025-03-05T02:18:51.099+03:00  INFO 12865 --- [Application-Maven-Web] [           main] o.f.a.r.a.config.LoggingAspect           : Method returned: RouteAppTransportationDataService.saveTransportation(..) with value org.fzengin.app.route.data.dto.TransportationDto@7aff1fa3
2025-03-05T02:18:51.100+03:00  INFO 12865 --- [Application-Maven-Web] [           main] o.f.a.r.a.config.LoggingAspect           : Method called: RouteAppTransportationDataService.saveTransportation(..)
2025-03-05T02:18:51.100+03:00  INFO 12865 --- [Application-Maven-Web] [           main] o.f.a.r.a.config.LoggingAspect           : Method called: RouteAppLocationRepositoryHelper.findLocationById(..)
2025-03-05T02:18:51.100+03:00  INFO 12865 --- [Application-Maven-Web] [           main] o.f.a.r.a.config.LoggingAspect           : Method called: LocationRepository.findLocationById(..)
Hibernate: 
    select
        l1_0.id,
        l1_0.country,
        l1_0.location_code,
        l1_0.name 
    from
        locations l1_0 
    where
        l1_0.id=?
2025-03-05T02:18:51.100+03:00  INFO 12865 --- [Application-Maven-Web] [           main] o.f.a.r.a.config.LoggingAspect           : Method returned: LocationRepository.findLocationById(..) with value Optional[org.fzengin.app.route.repository.entity.Location@4]
2025-03-05T02:18:51.100+03:00  INFO 12865 --- [Application-Maven-Web] [           main] o.f.a.r.a.config.LoggingAspect           : Method returned: RouteAppLocationRepositoryHelper.findLocationById(..) with value Optional[org.fzengin.app.route.repository.entity.Location@4]
2025-03-05T02:18:51.100+03:00  INFO 12865 --- [Application-Maven-Web] [           main] o.f.a.r.a.config.LoggingAspect           : Method called: RouteAppLocationRepositoryHelper.findLocationById(..)
2025-03-05T02:18:51.100+03:00  INFO 12865 --- [Application-Maven-Web] [           main] o.f.a.r.a.config.LoggingAspect           : Method called: LocationRepository.findLocationById(..)
Hibernate: 
    select
        l1_0.id,
        l1_0.country,
        l1_0.location_code,
        l1_0.name 
    from
        locations l1_0 
    where
        l1_0.id=?
2025-03-05T02:18:51.101+03:00  INFO 12865 --- [Application-Maven-Web] [           main] o.f.a.r.a.config.LoggingAspect           : Method returned: LocationRepository.findLocationById(..) with value Optional[org.fzengin.app.route.repository.entity.Location@3]
2025-03-05T02:18:51.101+03:00  INFO 12865 --- [Application-Maven-Web] [           main] o.f.a.r.a.config.LoggingAspect           : Method returned: RouteAppLocationRepositoryHelper.findLocationById(..) with value Optional[org.fzengin.app.route.repository.entity.Location@3]
2025-03-05T02:18:51.101+03:00  INFO 12865 --- [Application-Maven-Web] [           main] o.f.a.r.a.config.LoggingAspect           : Method called: TransportationMapperImpl.toTransportation(..)
2025-03-05T02:18:51.101+03:00  INFO 12865 --- [Application-Maven-Web] [           main] o.f.a.r.a.config.LoggingAspect           : Method returned: TransportationMapperImpl.toTransportation(..) with value org.fzengin.app.route.repository.entity.Transportation@0
2025-03-05T02:18:51.101+03:00  INFO 12865 --- [Application-Maven-Web] [           main] o.f.a.r.a.config.LoggingAspect           : Method called: RouteAppTransportationRepositoryHelper.saveTransportation(..)
2025-03-05T02:18:51.101+03:00  INFO 12865 --- [Application-Maven-Web] [           main] o.f.a.r.a.config.LoggingAspect           : Method called: CrudRepository.save(..)
Hibernate: 
    insert 
    into
        transportations
        (destination_location_id, operating_day_bit_mask, origin_location_id, transportation_type, id) 
    values
        (?, ?, ?, ?, default)
2025-03-05T02:18:51.101+03:00  INFO 12865 --- [Application-Maven-Web] [           main] o.f.a.r.a.config.LoggingAspect           : Method returned: CrudRepository.save(..) with value org.fzengin.app.route.repository.entity.Transportation@6
2025-03-05T02:18:51.101+03:00  INFO 12865 --- [Application-Maven-Web] [           main] o.f.a.r.a.config.LoggingAspect           : Method returned: RouteAppTransportationRepositoryHelper.saveTransportation(..) with value org.fzengin.app.route.repository.entity.Transportation@6
2025-03-05T02:18:51.101+03:00  INFO 12865 --- [Application-Maven-Web] [           main] o.f.a.r.a.config.LoggingAspect           : Method called: TransportationMapperImpl.toTransportationDto(..)
2025-03-05T02:18:51.101+03:00  INFO 12865 --- [Application-Maven-Web] [           main] o.f.a.r.a.config.LoggingAspect           : Method returned: TransportationMapperImpl.toTransportationDto(..) with value org.fzengin.app.route.data.dto.TransportationDto@1d021496
2025-03-05T02:18:51.102+03:00  INFO 12865 --- [Application-Maven-Web] [           main] o.f.a.r.a.config.LoggingAspect           : Method returned: RouteAppTransportationDataService.saveTransportation(..) with value org.fzengin.app.route.data.dto.TransportationDto@1d021496
2025-03-05T02:18:51.124+03:00  INFO 12865 --- [Application-Maven-Web] [           main] o.f.a.r.a.config.LoggingAspect           : Method called: RouteAppValidRouteController.getTransportationById(..)
2025-03-05T02:18:51.124+03:00  INFO 12865 --- [Application-Maven-Web] [           main] o.f.a.r.a.config.LoggingAspect           : Method called: RouteAppValidRouteService.findValidRoutes(..)
2025-03-05T02:18:51.124+03:00  INFO 12865 --- [Application-Maven-Web] [           main] o.f.a.r.a.config.LoggingAspect           : Method called: RouteAppLocationRepositoryHelper.findLocationByName(..)
2025-03-05T02:18:51.124+03:00  INFO 12865 --- [Application-Maven-Web] [           main] o.f.a.r.a.config.LoggingAspect           : Method called: LocationRepository.findLocationByNameIgnoreCase(..)
Hibernate: 
    select
        l1_0.id,
        l1_0.country,
        l1_0.location_code,
        l1_0.name 
    from
        locations l1_0 
    where
        upper(l1_0.name)=upper(?)
2025-03-05T02:18:51.125+03:00  INFO 12865 --- [Application-Maven-Web] [           main] o.f.a.r.a.config.LoggingAspect           : Method returned: LocationRepository.findLocationByNameIgnoreCase(..) with value Optional[org.fzengin.app.route.repository.entity.Location@3]
2025-03-05T02:18:51.125+03:00  INFO 12865 --- [Application-Maven-Web] [           main] o.f.a.r.a.config.LoggingAspect           : Method returned: RouteAppLocationRepositoryHelper.findLocationByName(..) with value Optional[org.fzengin.app.route.repository.entity.Location@3]
2025-03-05T02:18:51.126+03:00  INFO 12865 --- [Application-Maven-Web] [           main] o.f.a.r.a.config.LoggingAspect           : Method called: RouteAppLocationRepositoryHelper.findLocationByName(..)
2025-03-05T02:18:51.126+03:00  INFO 12865 --- [Application-Maven-Web] [           main] o.f.a.r.a.config.LoggingAspect           : Method called: LocationRepository.findLocationByNameIgnoreCase(..)
Hibernate: 
    select
        l1_0.id,
        l1_0.country,
        l1_0.location_code,
        l1_0.name 
    from
        locations l1_0 
    where
        upper(l1_0.name)=upper(?)
2025-03-05T02:18:51.127+03:00  INFO 12865 --- [Application-Maven-Web] [           main] o.f.a.r.a.config.LoggingAspect           : Method returned: LocationRepository.findLocationByNameIgnoreCase(..) with value Optional[org.fzengin.app.route.repository.entity.Location@4]
2025-03-05T02:18:51.127+03:00  INFO 12865 --- [Application-Maven-Web] [           main] o.f.a.r.a.config.LoggingAspect           : Method returned: RouteAppLocationRepositoryHelper.findLocationByName(..) with value Optional[org.fzengin.app.route.repository.entity.Location@4]
2025-03-05T02:18:51.127+03:00  INFO 12865 --- [Application-Maven-Web] [           main] o.f.a.r.a.config.LoggingAspect           : Method called: RouteAppTransportationRepositoryHelper.findTransportationsByOriginLocationName(..)
2025-03-05T02:18:51.128+03:00  INFO 12865 --- [Application-Maven-Web] [           main] o.f.a.r.a.config.LoggingAspect           : Method called: TransportationRepository.findAllByOriginLocationName(..)
Hibernate: 
    select
        t1_0.id,
        t1_0.destination_location_id,
        t1_0.operating_day_bit_mask,
        t1_0.origin_location_id,
        t1_0.transportation_type 
    from
        transportations t1_0 
    left join
        locations ol1_0 
            on ol1_0.id=t1_0.origin_location_id 
    where
        ol1_0.name=?
Hibernate: 
    select
        l1_0.id,
        l1_0.country,
        l1_0.location_code,
        l1_0.name 
    from
        locations l1_0 
    where
        l1_0.id=?
2025-03-05T02:18:51.133+03:00  INFO 12865 --- [Application-Maven-Web] [           main] o.f.a.r.a.config.LoggingAspect           : Method returned: TransportationRepository.findAllByOriginLocationName(..) with value [org.fzengin.app.route.repository.entity.Transportation@3, org.fzengin.app.route.repository.entity.Transportation@5]
2025-03-05T02:18:51.133+03:00  INFO 12865 --- [Application-Maven-Web] [           main] o.f.a.r.a.config.LoggingAspect           : Method returned: RouteAppTransportationRepositoryHelper.findTransportationsByOriginLocationName(..) with value [org.fzengin.app.route.repository.entity.Transportation@3, org.fzengin.app.route.repository.entity.Transportation@5]
2025-03-05T02:18:51.134+03:00  INFO 12865 --- [Application-Maven-Web] [           main] o.f.a.r.a.config.LoggingAspect           : Method called: TransportationMapper.convertBitwiseToDays(..)
2025-03-05T02:18:51.134+03:00  INFO 12865 --- [Application-Maven-Web] [           main] o.f.a.r.a.config.LoggingAspect           : Method returned: TransportationMapper.convertBitwiseToDays(..) with value [1, 2, 3, 4, 5, 6, 7]
2025-03-05T02:18:51.134+03:00  INFO 12865 --- [Application-Maven-Web] [           main] o.f.a.r.a.config.LoggingAspect           : Method called: TransportationMapper.convertBitwiseToDays(..)
2025-03-05T02:18:51.134+03:00  INFO 12865 --- [Application-Maven-Web] [           main] o.f.a.r.a.config.LoggingAspect           : Method returned: TransportationMapper.convertBitwiseToDays(..) with value [1, 2, 3, 4, 5, 6, 7]
2025-03-05T02:18:51.134+03:00  INFO 12865 --- [Application-Maven-Web] [           main] o.f.a.r.a.config.LoggingAspect           : Method called: TransportationMapper.convertBitwiseToDays(..)
2025-03-05T02:18:51.134+03:00  INFO 12865 --- [Application-Maven-Web] [           main] o.f.a.r.a.config.LoggingAspect           : Method returned: TransportationMapper.convertBitwiseToDays(..) with value [1, 2, 3, 4, 5, 6, 7]
2025-03-05T02:18:51.134+03:00  INFO 12865 --- [Application-Maven-Web] [           main] o.f.a.r.a.config.LoggingAspect           : Method called: RouteAppTransportationRepositoryHelper.findTransportationsByOriginLocationName(..)
2025-03-05T02:18:51.134+03:00  INFO 12865 --- [Application-Maven-Web] [           main] o.f.a.r.a.config.LoggingAspect           : Method called: TransportationRepository.findAllByOriginLocationName(..)
Hibernate: 
    select
        t1_0.id,
        t1_0.destination_location_id,
        t1_0.operating_day_bit_mask,
        t1_0.origin_location_id,
        t1_0.transportation_type 
    from
        transportations t1_0 
    left join
        locations ol1_0 
            on ol1_0.id=t1_0.origin_location_id 
    where
        ol1_0.name=?
Hibernate: 
    select
        l1_0.id,
        l1_0.country,
        l1_0.location_code,
        l1_0.name 
    from
        locations l1_0 
    where
        l1_0.id=?
2025-03-05T02:18:51.135+03:00  INFO 12865 --- [Application-Maven-Web] [           main] o.f.a.r.a.config.LoggingAspect           : Method returned: TransportationRepository.findAllByOriginLocationName(..) with value [org.fzengin.app.route.repository.entity.Transportation@1]
2025-03-05T02:18:51.135+03:00  INFO 12865 --- [Application-Maven-Web] [           main] o.f.a.r.a.config.LoggingAspect           : Method returned: RouteAppTransportationRepositoryHelper.findTransportationsByOriginLocationName(..) with value [org.fzengin.app.route.repository.entity.Transportation@1]
2025-03-05T02:18:51.135+03:00  INFO 12865 --- [Application-Maven-Web] [           main] o.f.a.r.a.config.LoggingAspect           : Method called: TransportationMapper.convertBitwiseToDays(..)
2025-03-05T02:18:51.135+03:00  INFO 12865 --- [Application-Maven-Web] [           main] o.f.a.r.a.config.LoggingAspect           : Method returned: TransportationMapper.convertBitwiseToDays(..) with value [1, 4, 7]
2025-03-05T02:18:51.135+03:00  INFO 12865 --- [Application-Maven-Web] [           main] o.f.a.r.a.config.LoggingAspect           : Method returned: RouteAppValidRouteService.findValidRoutes(..) with value []
2025-03-05T02:18:51.137+03:00  INFO 12865 --- [Application-Maven-Web] [           main] o.f.a.r.a.config.LoggingAspect           : Method returned: RouteAppValidRouteController.getTransportationById(..) with value <404 NOT_FOUND Not Found,org.fzengin.app.route.application.apiresponse.ApiResponse@2eb4a3ec,[]>
]]></system-out>
  </testcase>
  <testcase name="testForValidDate" classname="org.fzengin.app.route.application.RouteAppValidRouteControllerTest" time="0.477">
    <system-out><![CDATA[2025-03-05T02:18:51.168+03:00  INFO 12865 --- [Application-Maven-Web] [           main] j.LocalContainerEntityManagerFactoryBean : Closing JPA EntityManagerFactory for persistence unit 'default'
Hibernate: 
    drop table if exists locations cascade 
Hibernate: 
    drop table if exists transportations cascade 
2025-03-05T02:18:51.169+03:00  INFO 12865 --- [Application-Maven-Web] [           main] com.zaxxer.hikari.HikariDataSource       : HikariPool-3 - Shutdown initiated...
2025-03-05T02:18:51.170+03:00  INFO 12865 --- [Application-Maven-Web] [           main] com.zaxxer.hikari.HikariDataSource       : HikariPool-3 - Shutdown completed.

   _____  _____ _____  
  / ____|/ ____|  __ \ 
 | |    | (___ | |  | |
 | |     \___ \| |  | |
 | |____ ____) | |__| |
  \_____|_____/|_____/ 
                       
                       

2025-03-05T02:18:51.179+03:00  INFO 12865 --- [Application-Maven-Web] [           main] f.a.r.a.RouteAppValidRouteControllerTest : Starting RouteAppValidRouteControllerTest using Java 19.0.2 with PID 12865 (started by furkanzengin in /Users/furkanzengin/Furkan/Programming/thy/AvaliableFlightRouteProject/flight-routes-backend/RouteFindingApp)
2025-03-05T02:18:51.179+03:00  INFO 12865 --- [Application-Maven-Web] [           main] f.a.r.a.RouteAppValidRouteControllerTest : No active profile set, falling back to 1 default profile: "default"
2025-03-05T02:18:51.221+03:00  INFO 12865 --- [Application-Maven-Web] [           main] .s.d.r.c.RepositoryConfigurationDelegate : Bootstrapping Spring Data JPA repositories in DEFAULT mode.
2025-03-05T02:18:51.223+03:00  INFO 12865 --- [Application-Maven-Web] [           main] .s.d.r.c.RepositoryConfigurationDelegate : Finished Spring Data repository scanning in 1 ms. Found 2 JPA repository interfaces.
2025-03-05T02:18:51.279+03:00  INFO 12865 --- [Application-Maven-Web] [           main] o.s.o.j.p.SpringPersistenceUnitInfo      : No LoadTimeWeaver setup: ignoring JPA class transformer
2025-03-05T02:18:51.279+03:00  INFO 12865 --- [Application-Maven-Web] [           main] com.zaxxer.hikari.HikariDataSource       : HikariPool-4 - Starting...
2025-03-05T02:18:51.280+03:00  INFO 12865 --- [Application-Maven-Web] [           main] com.zaxxer.hikari.pool.HikariPool        : HikariPool-4 - Added connection conn4: url=jdbc:h2:mem:testdb user=SA
2025-03-05T02:18:51.280+03:00  INFO 12865 --- [Application-Maven-Web] [           main] com.zaxxer.hikari.HikariDataSource       : HikariPool-4 - Start completed.
Hibernate: 
    drop table if exists locations cascade 
Hibernate: 
    drop table if exists transportations cascade 
Hibernate: 
    create table locations (
        id integer generated by default as identity,
        location_code varchar(10) not null,
        country varchar(100) not null,
        name varchar(100) not null,
        primary key (id),
        unique (name, location_code)
    )
Hibernate: 
    create table transportations (
        destination_location_id integer,
        id integer generated by default as identity,
        operating_day_bit_mask integer not null,
        origin_location_id integer,
        transportation_type varchar(25) not null,
        primary key (id)
    )
Hibernate: 
    alter table if exists transportations 
       add constraint FKmks1unqdajlo4yl56p676owsa 
       foreign key (destination_location_id) 
       references locations
Hibernate: 
    alter table if exists transportations 
       add constraint FK86r0wi83ehp0ajr0a2knmtxt5 
       foreign key (origin_location_id) 
       references locations
2025-03-05T02:18:51.300+03:00  INFO 12865 --- [Application-Maven-Web] [           main] j.LocalContainerEntityManagerFactoryBean : Initialized JPA EntityManagerFactory for persistence unit 'default'
2025-03-05T02:18:51.390+03:00  INFO 12865 --- [Application-Maven-Web] [           main] o.f.a.r.a.config.LoggingAspect           : Method called: SwaggerConfig.openAPI()
2025-03-05T02:18:51.390+03:00  INFO 12865 --- [Application-Maven-Web] [           main] o.f.a.r.a.config.LoggingAspect           : Method returned: SwaggerConfig.openAPI() with value class OpenAPI {
    openapi: 3.0.1
    info: class Info {
        title: Flight Routes API
        description: API for finding available flight routes
        summary: null
        termsOfService: null
        contact: class Contact {
            name: Furkan Zengin
            url:   
            email: furkan_zenginn_@hotmail.com
        }
        license: class License {
            name: Apache 2.0
            url: http://www.apache.org/licenses/LICENSE-2.0.html
            identifier: null
        }
        version: 1.0.0
    }
    externalDocs: null
    servers: [class Server {
        url: http://localhost:8080
        description: Development Server
        variables: null
    }]
    security: null
    tags: null
    paths: null
    components: null
}
2025-03-05T02:18:51.445+03:00  WARN 12865 --- [Application-Maven-Web] [           main] JpaBaseConfiguration$JpaWebConfiguration : spring.jpa.open-in-view is enabled by default. Therefore, database queries may be performed during view rendering. Explicitly configure spring.jpa.open-in-view to disable this warning
2025-03-05T02:18:51.456+03:00  INFO 12865 --- [Application-Maven-Web] [           main] o.f.a.r.a.config.LoggingAspect           : Method called: WebConfig.addCorsMappings(..)
2025-03-05T02:18:51.456+03:00  INFO 12865 --- [Application-Maven-Web] [           main] o.f.a.r.a.config.LoggingAspect           : Method returned: WebConfig.addCorsMappings(..) with value null
2025-03-05T02:18:51.591+03:00  INFO 12865 --- [Application-Maven-Web] [           main] o.s.b.t.m.w.SpringBootMockServletContext : Initializing Spring TestDispatcherServlet ''
2025-03-05T02:18:51.591+03:00  INFO 12865 --- [Application-Maven-Web] [           main] o.s.t.web.servlet.TestDispatcherServlet  : Initializing Servlet ''
2025-03-05T02:18:51.592+03:00  INFO 12865 --- [Application-Maven-Web] [           main] o.s.t.web.servlet.TestDispatcherServlet  : Completed initialization in 1 ms
2025-03-05T02:18:51.596+03:00  INFO 12865 --- [Application-Maven-Web] [           main] f.a.r.a.RouteAppValidRouteControllerTest : Started RouteAppValidRouteControllerTest in 0.425 seconds (process running for 4.487)
2025-03-05T02:18:51.598+03:00  INFO 12865 --- [Application-Maven-Web] [           main] o.f.a.r.a.config.LoggingAspect           : Method called: RouteAppLocationDataService.saveLocation(..)
2025-03-05T02:18:51.598+03:00  INFO 12865 --- [Application-Maven-Web] [           main] o.f.a.r.a.config.LoggingAspect           : Method called: RouteAppLocationRepositoryHelper.findLocationByNameOrLocationCode(..)
2025-03-05T02:18:51.598+03:00  INFO 12865 --- [Application-Maven-Web] [           main] o.f.a.r.a.config.LoggingAspect           : Method called: LocationRepository.findByNameOrLocationCode(..)
Hibernate: 
    select
        l1_0.id,
        l1_0.country,
        l1_0.location_code,
        l1_0.name 
    from
        locations l1_0 
    where
        l1_0.name=? 
        or l1_0.location_code=?
2025-03-05T02:18:51.600+03:00  INFO 12865 --- [Application-Maven-Web] [           main] o.f.a.r.a.config.LoggingAspect           : Method returned: LocationRepository.findByNameOrLocationCode(..) with value []
2025-03-05T02:18:51.600+03:00  INFO 12865 --- [Application-Maven-Web] [           main] o.f.a.r.a.config.LoggingAspect           : Method returned: RouteAppLocationRepositoryHelper.findLocationByNameOrLocationCode(..) with value []
2025-03-05T02:18:51.601+03:00  INFO 12865 --- [Application-Maven-Web] [           main] o.f.a.r.a.config.LoggingAspect           : Method called: LocationMapperImpl.toLocation(..)
2025-03-05T02:18:51.601+03:00  INFO 12865 --- [Application-Maven-Web] [           main] o.f.a.r.a.config.LoggingAspect           : Method returned: LocationMapperImpl.toLocation(..) with value org.fzengin.app.route.repository.entity.Location@0
2025-03-05T02:18:51.601+03:00  INFO 12865 --- [Application-Maven-Web] [           main] o.f.a.r.a.config.LoggingAspect           : Method called: RouteAppLocationRepositoryHelper.saveLocation(..)
2025-03-05T02:18:51.602+03:00  INFO 12865 --- [Application-Maven-Web] [           main] o.f.a.r.a.config.LoggingAspect           : Method called: CrudRepository.save(..)
Hibernate: 
    insert 
    into
        locations
        (country, location_code, name, id) 
    values
        (?, ?, ?, default)
2025-03-05T02:18:51.603+03:00  INFO 12865 --- [Application-Maven-Web] [           main] o.f.a.r.a.config.LoggingAspect           : Method returned: CrudRepository.save(..) with value org.fzengin.app.route.repository.entity.Location@1
2025-03-05T02:18:51.603+03:00  INFO 12865 --- [Application-Maven-Web] [           main] o.f.a.r.a.config.LoggingAspect           : Method returned: RouteAppLocationRepositoryHelper.saveLocation(..) with value org.fzengin.app.route.repository.entity.Location@1
[...]
2025-03-05T02:18:51.622+03:00  INFO 12865 --- [Application-Maven-Web] [           main] o.f.a.r.a.config.LoggingAspect           : Method returned: TransportationMapperImpl.toTransportationDto(..) with value org.fzengin.app.route.data.dto.TransportationDto@1a5cb2b3
2025-03-05T02:18:51.622+03:00  INFO 12865 --- [Application-Maven-Web] [           main] o.f.a.r.a.config.LoggingAspect           : Method returned: RouteAppTransportationDataService.saveTransportation(..) with value org.fzengin.app.route.data.dto.TransportationDto@1a5cb2b3
2025-03-05T02:18:51.622+03:00  INFO 12865 --- [Application-Maven-Web] [           main] o.f.a.r.a.config.LoggingAspect           : Method called: RouteAppTransportationDataService.saveTransportation(..)
2025-03-05T02:18:51.622+03:00  INFO 12865 --- [Application-Maven-Web] [           main] o.f.a.r.a.config.LoggingAspect           : Method called: RouteAppLocationRepositoryHelper.findLocationById(..)
2025-03-05T02:18:51.622+03:00  INFO 12865 --- [Application-Maven-Web] [           main] o.f.a.r.a.config.LoggingAspect           : Method called: LocationRepository.findLocationById(..)
Hibernate: 
    select
        l1_0.id,
        l1_0.country,
        l1_0.location_code,
        l1_0.name 
    from
        locations l1_0 
    where
        l1_0.id=?
2025-03-05T02:18:51.623+03:00  INFO 12865 --- [Application-Maven-Web] [           main] o.f.a.r.a.config.LoggingAspect           : Method returned: LocationRepository.findLocationById(..) with value Optional[org.fzengin.app.route.repository.entity.Location@4]
2025-03-05T02:18:51.623+03:00  INFO 12865 --- [Application-Maven-Web] [           main] o.f.a.r.a.config.LoggingAspect           : Method returned: RouteAppLocationRepositoryHelper.findLocationById(..) with value Optional[org.fzengin.app.route.repository.entity.Location@4]
2025-03-05T02:18:51.623+03:00  INFO 12865 --- [Application-Maven-Web] [           main] o.f.a.r.a.config.LoggingAspect           : Method called: RouteAppLocationRepositoryHelper.findLocationById(..)
2025-03-05T02:18:51.623+03:00  INFO 12865 --- [Application-Maven-Web] [           main] o.f.a.r.a.config.LoggingAspect           : Method called: LocationRepository.findLocationById(..)
Hibernate: 
    select
        l1_0.id,
        l1_0.country,
        l1_0.location_code,
        l1_0.name 
    from
        locations l1_0 
    where
        l1_0.id=?
2025-03-05T02:18:51.623+03:00  INFO 12865 --- [Application-Maven-Web] [           main] o.f.a.r.a.config.LoggingAspect           : Method returned: LocationRepository.findLocationById(..) with value Optional[org.fzengin.app.route.repository.entity.Location@3]
2025-03-05T02:18:51.623+03:00  INFO 12865 --- [Application-Maven-Web] [           main] o.f.a.r.a.config.LoggingAspect           : Method returned: RouteAppLocationRepositoryHelper.findLocationById(..) with value Optional[org.fzengin.app.route.repository.entity.Location@3]
2025-03-05T02:18:51.623+03:00  INFO 12865 --- [Application-Maven-Web] [           main] o.f.a.r.a.config.LoggingAspect           : Method called: TransportationMapperImpl.toTransportation(..)
2025-03-05T02:18:51.623+03:00  INFO 12865 --- [Application-Maven-Web] [           main] o.f.a.r.a.config.LoggingAspect           : Method returned: TransportationMapperImpl.toTransportation(..) with value org.fzengin.app.route.repository.entity.Transportation@0
2025-03-05T02:18:51.624+03:00  INFO 12865 --- [Application-Maven-Web] [           main] o.f.a.r.a.config.LoggingAspect           : Method called: RouteAppTransportationRepositoryHelper.saveTransportation(..)
2025-03-05T02:18:51.624+03:00  INFO 12865 --- [Application-Maven-Web] [           main] o.f.a.r.a.config.LoggingAspect           : Method called: CrudRepository.save(..)
Hibernate: 
    insert 
    into
        transportations
        (destination_location_id, operating_day_bit_mask, origin_location_id, transportation_type, id) 
    values
        (?, ?, ?, ?, default)
2025-03-05T02:18:51.624+03:00  INFO 12865 --- [Application-Maven-Web] [           main] o.f.a.r.a.config.LoggingAspect           : Method returned: CrudRepository.save(..) with value org.fzengin.app.route.repository.entity.Transportation@6
2025-03-05T02:18:51.624+03:00  INFO 12865 --- [Application-Maven-Web] [           main] o.f.a.r.a.config.LoggingAspect           : Method returned: RouteAppTransportationRepositoryHelper.saveTransportation(..) with value org.fzengin.app.route.repository.entity.Transportation@6
2025-03-05T02:18:51.624+03:00  INFO 12865 --- [Application-Maven-Web] [           main] o.f.a.r.a.config.LoggingAspect           : Method called: TransportationMapperImpl.toTransportationDto(..)
2025-03-05T02:18:51.624+03:00  INFO 12865 --- [Application-Maven-Web] [           main] o.f.a.r.a.config.LoggingAspect           : Method returned: TransportationMapperImpl.toTransportationDto(..) with value org.fzengin.app.route.data.dto.TransportationDto@3131c0d8
2025-03-05T02:18:51.624+03:00  INFO 12865 --- [Application-Maven-Web] [           main] o.f.a.r.a.config.LoggingAspect           : Method returned: RouteAppTransportationDataService.saveTransportation(..) with value org.fzengin.app.route.data.dto.TransportationDto@3131c0d8
2025-03-05T02:18:51.626+03:00  INFO 12865 --- [Application-Maven-Web] [           main] o.f.a.r.a.config.LoggingAspect           : Method called: RouteAppValidRouteController.getTransportationById(..)
2025-03-05T02:18:51.626+03:00  INFO 12865 --- [Application-Maven-Web] [           main] o.f.a.r.a.config.LoggingAspect           : Method called: RouteAppValidRouteService.findValidRoutes(..)
2025-03-05T02:18:51.626+03:00  INFO 12865 --- [Application-Maven-Web] [           main] o.f.a.r.a.config.LoggingAspect           : Method called: RouteAppLocationRepositoryHelper.findLocationByName(..)
2025-03-05T02:18:51.626+03:00  INFO 12865 --- [Application-Maven-Web] [           main] o.f.a.r.a.config.LoggingAspect           : Method called: LocationRepository.findLocationByNameIgnoreCase(..)
Hibernate: 
    select
        l1_0.id,
        l1_0.country,
        l1_0.location_code,
        l1_0.name 
    from
        locations l1_0 
    where
        upper(l1_0.name)=upper(?)
2025-03-05T02:18:51.627+03:00  INFO 12865 --- [Application-Maven-Web] [           main] o.f.a.r.a.config.LoggingAspect           : Method returned: LocationRepository.findLocationByNameIgnoreCase(..) with value Optional[org.fzengin.app.route.repository.entity.Location@3]
2025-03-05T02:18:51.627+03:00  INFO 12865 --- [Application-Maven-Web] [           main] o.f.a.r.a.config.LoggingAspect           : Method returned: RouteAppLocationRepositoryHelper.findLocationByName(..) with value Optional[org.fzengin.app.route.repository.entity.Location@3]
2025-03-05T02:18:51.628+03:00  INFO 12865 --- [Application-Maven-Web] [           main] o.f.a.r.a.config.LoggingAspect           : Method called: RouteAppLocationRepositoryHelper.findLocationByName(..)
2025-03-05T02:18:51.628+03:00  INFO 12865 --- [Application-Maven-Web] [           main] o.f.a.r.a.config.LoggingAspect           : Method called: LocationRepository.findLocationByNameIgnoreCase(..)
Hibernate: 
    select
        l1_0.id,
        l1_0.country,
        l1_0.location_code,
        l1_0.name 
    from
        locations l1_0 
    where
        upper(l1_0.name)=upper(?)
2025-03-05T02:18:51.628+03:00  INFO 12865 --- [Application-Maven-Web] [           main] o.f.a.r.a.config.LoggingAspect           : Method returned: LocationRepository.findLocationByNameIgnoreCase(..) with value Optional[org.fzengin.app.route.repository.entity.Location@4]
2025-03-05T02:18:51.628+03:00  INFO 12865 --- [Application-Maven-Web] [           main] o.f.a.r.a.config.LoggingAspect           : Method returned: RouteAppLocationRepositoryHelper.findLocationByName(..) with value Optional[org.fzengin.app.route.repository.entity.Location@4]
2025-03-05T02:18:51.628+03:00  INFO 12865 --- [Application-Maven-Web] [           main] o.f.a.r.a.config.LoggingAspect           : Method called: RouteAppTransportationRepositoryHelper.findTransportationsByOriginLocationName(..)
2025-03-05T02:18:51.628+03:00  INFO 12865 --- [Application-Maven-Web] [           main] o.f.a.r.a.config.LoggingAspect           : Method called: TransportationRepository.findAllByOriginLocationName(..)
Hibernate: 
    select
        t1_0.id,
        t1_0.destination_location_id,
        t1_0.operating_day_bit_mask,
        t1_0.origin_location_id,
        t1_0.transportation_type 
    from
        transportations t1_0 
    left join
        locations ol1_0 
            on ol1_0.id=t1_0.origin_location_id 
    where
        ol1_0.name=?
Hibernate: 
    select
        l1_0.id,
        l1_0.country,
        l1_0.location_code,
        l1_0.name 
    from
        locations l1_0 
    where
        l1_0.id=?
2025-03-05T02:18:51.629+03:00  INFO 12865 --- [Application-Maven-Web] [           main] o.f.a.r.a.config.LoggingAspect           : Method returned: TransportationRepository.findAllByOriginLocationName(..) with value [org.fzengin.app.route.repository.entity.Transportation@3, org.fzengin.app.route.repository.entity.Transportation@5]
2025-03-05T02:18:51.630+03:00  INFO 12865 --- [Application-Maven-Web] [           main] o.f.a.r.a.config.LoggingAspect           : Method returned: RouteAppTransportationRepositoryHelper.findTransportationsByOriginLocationName(..) with value [org.fzengin.app.route.repository.entity.Transportation@3, org.fzengin.app.route.repository.entity.Transportation@5]
2025-03-05T02:18:51.630+03:00  INFO 12865 --- [Application-Maven-Web] [           main] o.f.a.r.a.config.LoggingAspect           : Method called: TransportationMapper.convertBitwiseToDays(..)
2025-03-05T02:18:51.630+03:00  INFO 12865 --- [Application-Maven-Web] [           main] o.f.a.r.a.config.LoggingAspect           : Method returned: TransportationMapper.convertBitwiseToDays(..) with value [1, 2, 3, 4, 5, 6, 7]
2025-03-05T02:18:51.630+03:00  INFO 12865 --- [Application-Maven-Web] [           main] o.f.a.r.a.config.LoggingAspect           : Method called: TransportationMapper.convertBitwiseToDays(..)
2025-03-05T02:18:51.630+03:00  INFO 12865 --- [Application-Maven-Web] [           main] o.f.a.r.a.config.LoggingAspect           : Method returned: TransportationMapper.convertBitwiseToDays(..) with value [1, 2, 3, 4, 5, 6, 7]
2025-03-05T02:18:51.630+03:00  INFO 12865 --- [Application-Maven-Web] [           main] o.f.a.r.a.config.LoggingAspect           : Method called: TransportationMapper.convertBitwiseToDays(..)
2025-03-05T02:18:51.630+03:00  INFO 12865 --- [Application-Maven-Web] [           main] o.f.a.r.a.config.LoggingAspect           : Method returned: TransportationMapper.convertBitwiseToDays(..) with value [1, 2, 3, 4, 5, 6, 7]
2025-03-05T02:18:51.630+03:00  INFO 12865 --- [Application-Maven-Web] [           main] o.f.a.r.a.config.LoggingAspect           : Method called: RouteAppTransportationRepositoryHelper.findTransportationsByOriginLocationName(..)
2025-03-05T02:18:51.630+03:00  INFO 12865 --- [Application-Maven-Web] [           main] o.f.a.r.a.config.LoggingAspect           : Method called: TransportationRepository.findAllByOriginLocationName(..)
Hibernate: 
    select
        t1_0.id,
        t1_0.destination_location_id,
        t1_0.operating_day_bit_mask,
        t1_0.origin_location_id,
        t1_0.transportation_type 
    from
        transportations t1_0 
    left join
        locations ol1_0 
            on ol1_0.id=t1_0.origin_location_id 
    where
        ol1_0.name=?
Hibernate: 
    select
        l1_0.id,
        l1_0.country,
        l1_0.location_code,
        l1_0.name 
    from
        locations l1_0 
    where
        l1_0.id=?
2025-03-05T02:18:51.630+03:00  INFO 12865 --- [Application-Maven-Web] [           main] o.f.a.r.a.config.LoggingAspect           : Method returned: TransportationRepository.findAllByOriginLocationName(..) with value [org.fzengin.app.route.repository.entity.Transportation@1]
2025-03-05T02:18:51.630+03:00  INFO 12865 --- [Application-Maven-Web] [           main] o.f.a.r.a.config.LoggingAspect           : Method returned: RouteAppTransportationRepositoryHelper.findTransportationsByOriginLocationName(..) with value [org.fzengin.app.route.repository.entity.Transportation@1]
2025-03-05T02:18:51.631+03:00  INFO 12865 --- [Application-Maven-Web] [           main] o.f.a.r.a.config.LoggingAspect           : Method called: TransportationMapper.convertBitwiseToDays(..)
2025-03-05T02:18:51.631+03:00  INFO 12865 --- [Application-Maven-Web] [           main] o.f.a.r.a.config.LoggingAspect           : Method returned: TransportationMapper.convertBitwiseToDays(..) with value [1, 4, 7]
2025-03-05T02:18:51.631+03:00  INFO 12865 --- [Application-Maven-Web] [           main] o.f.a.r.a.config.LoggingAspect           : Method called: RouteAppTransportationRepositoryHelper.findTransportationsByOriginLocationName(..)
2025-03-05T02:18:51.631+03:00  INFO 12865 --- [Application-Maven-Web] [           main] o.f.a.r.a.config.LoggingAspect           : Method called: TransportationRepository.findAllByOriginLocationName(..)
Hibernate: 
    select
        t1_0.id,
        t1_0.destination_location_id,
        t1_0.operating_day_bit_mask,
        t1_0.origin_location_id,
        t1_0.transportation_type 
    from
        transportations t1_0 
    left join
        locations ol1_0 
            on ol1_0.id=t1_0.origin_location_id 
    where
        ol1_0.name=?
2025-03-05T02:18:51.631+03:00  INFO 12865 --- [Application-Maven-Web] [           main] o.f.a.r.a.config.LoggingAspect           : Method returned: TransportationRepository.findAllByOriginLocationName(..) with value [org.fzengin.app.route.repository.entity.Transportation@2, org.fzengin.app.route.repository.entity.Transportation@4]
2025-03-05T02:18:51.631+03:00  INFO 12865 --- [Application-Maven-Web] [           main] o.f.a.r.a.config.LoggingAspect           : Method returned: RouteAppTransportationRepositoryHelper.findTransportationsByOriginLocationName(..) with value [org.fzengin.app.route.repository.entity.Transportation@2, org.fzengin.app.route.repository.entity.Transportation@4]
2025-03-05T02:18:51.631+03:00  INFO 12865 --- [Application-Maven-Web] [           main] o.f.a.r.a.config.LoggingAspect           : Method called: TransportationMapper.convertBitwiseToDays(..)
2025-03-05T02:18:51.631+03:00  INFO 12865 --- [Application-Maven-Web] [           main] o.f.a.r.a.config.LoggingAspect           : Method returned: TransportationMapper.convertBitwiseToDays(..) with value [1, 2, 4, 5, 7]
2025-03-05T02:18:51.631+03:00  INFO 12865 --- [Application-Maven-Web] [           main] o.f.a.r.a.config.LoggingAspect           : Method called: RouteAppTransportationRepositoryHelper.findTransportationsByOriginLocationName(..)
2025-03-05T02:18:51.631+03:00  INFO 12865 --- [Application-Maven-Web] [           main] o.f.a.r.a.config.LoggingAspect           : Method called: TransportationRepository.findAllByOriginLocationName(..)
Hibernate: 
    select
        t1_0.id,
        t1_0.destination_location_id,
        t1_0.operating_day_bit_mask,
        t1_0.origin_location_id,
        t1_0.transportation_type 
    from
        transportations t1_0 
    left join
        locations ol1_0 
            on ol1_0.id=t1_0.origin_location_id 
    where
        ol1_0.name=?
2025-03-05T02:18:51.632+03:00  INFO 12865 --- [Application-Maven-Web] [           main] o.f.a.r.a.config.LoggingAspect           : Method returned: TransportationRepository.findAllByOriginLocationName(..) with value [org.fzengin.app.route.repository.entity.Transportation@1]
2025-03-05T02:18:51.632+03:00  INFO 12865 --- [Application-Maven-Web] [           main] o.f.a.r.a.config.LoggingAspect           : Method returned: RouteAppTransportationRepositoryHelper.findTransportationsByOriginLocationName(..) with value [org.fzengin.app.route.repository.entity.Transportation@1]
2025-03-05T02:18:51.632+03:00  INFO 12865 --- [Application-Maven-Web] [           main] o.f.a.r.a.config.LoggingAspect           : Method called: TransportationMapper.convertBitwiseToDays(..)
2025-03-05T02:18:51.632+03:00  INFO 12865 --- [Application-Maven-Web] [           main] o.f.a.r.a.config.LoggingAspect           : Method returned: TransportationMapper.convertBitwiseToDays(..) with value [1, 4, 7]
2025-03-05T02:18:51.632+03:00  INFO 12865 --- [Application-Maven-Web] [           main] o.f.a.r.a.config.LoggingAspect           : Method called: TransportationMapper.convertBitwiseToDays(..)
2025-03-05T02:18:51.632+03:00  INFO 12865 --- [Application-Maven-Web] [           main] o.f.a.r.a.config.LoggingAspect           : Method returned: TransportationMapper.convertBitwiseToDays(..) with value [1, 2, 4, 5, 7]
2025-03-05T02:18:51.632+03:00  INFO 12865 --- [Application-Maven-Web] [           main] o.f.a.r.a.config.LoggingAspect           : Method called: TransportationMapper.convertBitwiseToDays(..)
2025-03-05T02:18:51.632+03:00  INFO 12865 --- [Application-Maven-Web] [           main] o.f.a.r.a.config.LoggingAspect           : Method returned: TransportationMapper.convertBitwiseToDays(..) with value [1, 2, 3, 4, 5, 6, 7]
2025-03-05T02:18:51.632+03:00  INFO 12865 --- [Application-Maven-Web] [           main] o.f.a.r.a.config.LoggingAspect           : Method called: TransportationMapper.convertBitwiseToDays(..)
2025-03-05T02:18:51.632+03:00  INFO 12865 --- [Application-Maven-Web] [           main] o.f.a.r.a.config.LoggingAspect           : Method returned: TransportationMapper.convertBitwiseToDays(..) with value [1, 4, 7]
2025-03-05T02:18:51.632+03:00  INFO 12865 --- [Application-Maven-Web] [           main] o.f.a.r.a.config.LoggingAspect           : Method called: TransportationMapper.convertBitwiseToDays(..)
2025-03-05T02:18:51.632+03:00  INFO 12865 --- [Application-Maven-Web] [           main] o.f.a.r.a.config.LoggingAspect           : Method returned: TransportationMapper.convertBitwiseToDays(..) with value [1, 2, 4, 5, 7]
2025-03-05T02:18:51.632+03:00  INFO 12865 --- [Application-Maven-Web] [           main] o.f.a.r.a.config.LoggingAspect           : Method called: TransportationMapperImpl.toTransportationDto(..)
2025-03-05T02:18:51.632+03:00  INFO 12865 --- [Application-Maven-Web] [           main] o.f.a.r.a.config.LoggingAspect           : Method returned: TransportationMapperImpl.toTransportationDto(..) with value org.fzengin.app.route.data.dto.TransportationDto@56dc6b33
2025-03-05T02:18:51.632+03:00  INFO 12865 --- [Application-Maven-Web] [           main] o.f.a.r.a.config.LoggingAspect           : Method called: TransportationMapperImpl.toTransportationDto(..)
2025-03-05T02:18:51.632+03:00  INFO 12865 --- [Application-Maven-Web] [           main] o.f.a.r.a.config.LoggingAspect           : Method returned: TransportationMapperImpl.toTransportationDto(..) with value org.fzengin.app.route.data.dto.TransportationDto@31373fc1
2025-03-05T02:18:51.632+03:00  INFO 12865 --- [Application-Maven-Web] [           main] o.f.a.r.a.config.LoggingAspect           : Method called: TransportationMapperImpl.toTransportationDto(..)
2025-03-05T02:18:51.632+03:00  INFO 12865 --- [Application-Maven-Web] [           main] o.f.a.r.a.config.LoggingAspect           : Method returned: TransportationMapperImpl.toTransportationDto(..) with value org.fzengin.app.route.data.dto.TransportationDto@44b3d336
2025-03-05T02:18:51.632+03:00  INFO 12865 --- [Application-Maven-Web] [           main] o.f.a.r.a.config.LoggingAspect           : Method returned: RouteAppValidRouteService.findValidRoutes(..) with value [org.fzengin.app.route.data.dto.ValidRouteDto@43bc1d67]
2025-03-05T02:18:51.632+03:00  INFO 12865 --- [Application-Maven-Web] [           main] o.f.a.r.a.config.LoggingAspect           : Method returned: RouteAppValidRouteController.getTransportationById(..) with value <200 OK OK,org.fzengin.app.route.application.apiresponse.ApiResponse@760c63d0,[]>
]]></system-out>
  </testcase>
</testsuite>